0
3
4
5
6
7
8
9
1
2
3
4
5
6
7
8
9
11
12
13
14
15
16
19
10
11
12
13
14
15
16
18
20
21
22
23
24
25
26
17
19
20
22
26
18
19
20
21
22
23
24
26
28
29
30
0
1
2
25
26
28
29
30
31
0
1
2
3
4
27
28
30
0
1
2
3
4
5
6
29
30
31
0
1
2
3
4
6
7
8
10
11
12
13
14
5
6
12
14
15
16
8
9
11
12
13
16
7
8
9
10
11
12
13
15
16
17
19
20
21
22
23
14
15
16
18
19
20
21
22
23
24
25
26
17
18
19
20
21
24
25
27
28
30
31
22
23
24
25
26
27
28
30
31
0
2
3
4
5
30
31
0
1
2
3
4
5
6
29
30
31
0
1
3
4
5
6
7
8
9
10
11
2
4
5
7
8
9
4
5
6
7
8
9
10
11
12
