R3 -> HELLO packet from 2 link 2
R3 -> HELLO packet from 4 link 3
R3 receives an LS PDU: sender 2, router_id 2, link_id 1, cost 1, via2
# Topology Database
R3 -> R1 Num Links 0
R3 -> R2 Num Links 1
R3 -> R2 link 1 cost 1
R3 -> R3 Num Links 2
R3 -> R3 link 2 cost 2
R3 -> R3 link 3 cost 3
R3 -> R4 Num Links 0
R3 -> R5 Num Links 0
#RIB
R3 -> R3 -> Local, 0
R3 receives an LS PDU: sender 2, router_id 2, link_id 2, cost 2, via2
# Topology Database
R3 -> R1 Num Links 0
R3 -> R2 Num Links 2
R3 -> R2 link 1 cost 1
R3 -> R2 link 2 cost 2
R3 -> R3 Num Links 2
R3 -> R3 link 2 cost 2
R3 -> R3 link 3 cost 3
R3 -> R4 Num Links 0
R3 -> R5 Num Links 0
#RIB
R3 -> R2 -> R2, 2
R3 -> R3 -> Local, 0
R3 receives an LS PDU: sender 2, router_id 2, link_id 6, cost 6, via2
# Topology Database
R3 -> R1 Num Links 0
R3 -> R2 Num Links 3
R3 -> R2 link 1 cost 1
R3 -> R2 link 2 cost 2
R3 -> R2 link 6 cost 6
R3 -> R3 Num Links 2
R3 -> R3 link 2 cost 2
R3 -> R3 link 3 cost 3
R3 -> R4 Num Links 0
R3 -> R5 Num Links 0
#RIB
R3 -> R2 -> R2, 2
R3 -> R3 -> Local, 0
R3 -> HELLO packet from 5 link 7
R3 -> HELLO packet from 2 link 2
R3 -> HELLO packet from 4 link 3
R3 -> HELLO packet from 5 link 7
R3 receives an LS PDU: sender 2, router_id 2, link_id 1, cost 1, via2
# Topology Database
R3 -> R1 Num Links 0
R3 -> R2 Num Links 1
R3 -> R2 link 1 cost 1
R3 -> R3 Num Links 3
R3 -> R3 link 2 cost 2
R3 -> R3 link 3 cost 3
R3 -> R3 link 7 cost 7
R3 -> R4 Num Links 0
R3 -> R5 Num Links 0
#RIB
R3 -> R3 -> Local, 0
R3 receives an LS PDU: sender 2, router_id 2, link_id 2, cost 2, via2
# Topology Database
R3 -> R1 Num Links 0
R3 -> R2 Num Links 2
R3 -> R2 link 1 cost 1
R3 -> R2 link 2 cost 2
R3 -> R3 Num Links 3
R3 -> R3 link 2 cost 2
R3 -> R3 link 3 cost 3
R3 -> R3 link 7 cost 7
R3 -> R4 Num Links 0
R3 -> R5 Num Links 0
#RIB
R3 -> R2 -> R2, 2
R3 -> R3 -> Local, 0
R3 receives an LS PDU: sender 2, router_id 2, link_id 6, cost 6, via2
# Topology Database
R3 -> R1 Num Links 0
R3 -> R2 Num Links 3
R3 -> R2 link 1 cost 1
R3 -> R2 link 2 cost 2
R3 -> R2 link 6 cost 6
R3 -> R3 Num Links 3
R3 -> R3 link 2 cost 2
R3 -> R3 link 3 cost 3
R3 -> R3 link 7 cost 7
R3 -> R4 Num Links 0
R3 -> R5 Num Links 0
#RIB
R3 -> R2 -> R2, 2
R3 -> R3 -> Local, 0
R3 receives an LS PDU: sender 4, router_id 4, link_id 3, cost 3, via3
# Topology Database
R3 -> R1 Num Links 0
R3 -> R2 Num Links 3
R3 -> R2 link 1 cost 1
R3 -> R2 link 2 cost 2
R3 -> R2 link 6 cost 6
R3 -> R3 Num Links 3
R3 -> R3 link 2 cost 2
R3 -> R3 link 3 cost 3
R3 -> R3 link 7 cost 7
R3 -> R4 Num Links 1
R3 -> R4 link 3 cost 3
R3 -> R5 Num Links 0
#RIB
R3 -> R2 -> R2, 2
R3 -> R3 -> Local, 0
R3 -> R4 -> R4, 3
R3 receives an LS PDU: sender 4, router_id 4, link_id 4, cost 4, via3
# Topology Database
R3 -> R1 Num Links 0
R3 -> R2 Num Links 3
R3 -> R2 link 1 cost 1
R3 -> R2 link 2 cost 2
R3 -> R2 link 6 cost 6
R3 -> R3 Num Links 3
R3 -> R3 link 2 cost 2
R3 -> R3 link 3 cost 3
R3 -> R3 link 7 cost 7
R3 -> R4 Num Links 2
R3 -> R4 link 3 cost 3
R3 -> R4 link 4 cost 4
R3 -> R5 Num Links 0
#RIB
R3 -> R2 -> R2, 2
R3 -> R3 -> Local, 0
R3 -> R4 -> R4, 3
R3 receives an LS PDU: sender 2, router_id 5, link_id 4, cost 4, via2
# Topology Database
R3 -> R1 Num Links 0
R3 -> R2 Num Links 3
R3 -> R2 link 1 cost 1
R3 -> R2 link 2 cost 2
R3 -> R2 link 6 cost 6
R3 -> R3 Num Links 3
R3 -> R3 link 2 cost 2
R3 -> R3 link 3 cost 3
R3 -> R3 link 7 cost 7
R3 -> R4 Num Links 2
R3 -> R4 link 3 cost 3
R3 -> R4 link 4 cost 4
R3 -> R5 Num Links 1
R3 -> R5 link 4 cost 4
#RIB
R3 -> R2 -> R2, 2
R3 -> R3 -> Local, 0
R3 -> R4 -> R4, 3
R3 -> R5 -> R4, 7
R3 receives an LS PDU: sender 5, router_id 5, link_id 4, cost 4, via7
R3 receives an LS PDU: sender 5, router_id 5, link_id 7, cost 7, via7
# Topology Database
R3 -> R1 Num Links 0
R3 -> R2 Num Links 3
R3 -> R2 link 1 cost 1
R3 -> R2 link 2 cost 2
R3 -> R2 link 6 cost 6
R3 -> R3 Num Links 3
R3 -> R3 link 2 cost 2
R3 -> R3 link 3 cost 3
R3 -> R3 link 7 cost 7
R3 -> R4 Num Links 2
R3 -> R4 link 3 cost 3
R3 -> R4 link 4 cost 4
R3 -> R5 Num Links 2
R3 -> R5 link 4 cost 4
R3 -> R5 link 7 cost 7
#RIB
R3 -> R2 -> R2, 2
R3 -> R3 -> Local, 0
R3 -> R4 -> R4, 3
R3 -> R5 -> R5, 7
R3 receives an LS PDU: sender 5, router_id 5, link_id 6, cost 6, via7
# Topology Database
R3 -> R1 Num Links 0
R3 -> R2 Num Links 3
R3 -> R2 link 1 cost 1
R3 -> R2 link 2 cost 2
R3 -> R2 link 6 cost 6
R3 -> R3 Num Links 3
R3 -> R3 link 2 cost 2
R3 -> R3 link 3 cost 3
R3 -> R3 link 7 cost 7
R3 -> R4 Num Links 2
R3 -> R4 link 3 cost 3
R3 -> R4 link 4 cost 4
R3 -> R5 Num Links 3
R3 -> R5 link 4 cost 4
R3 -> R5 link 7 cost 7
R3 -> R5 link 6 cost 6
#RIB
R3 -> R2 -> R2, 2
R3 -> R3 -> Local, 0
R3 -> R4 -> R4, 3
R3 -> R5 -> R5, 7
R3 receives an LS PDU: sender 5, router_id 5, link_id 5, cost 5, via7
# Topology Database
R3 -> R1 Num Links 0
R3 -> R2 Num Links 3
R3 -> R2 link 1 cost 1
R3 -> R2 link 2 cost 2
R3 -> R2 link 6 cost 6
R3 -> R3 Num Links 3
R3 -> R3 link 2 cost 2
R3 -> R3 link 3 cost 3
R3 -> R3 link 7 cost 7
R3 -> R4 Num Links 2
R3 -> R4 link 3 cost 3
R3 -> R4 link 4 cost 4
R3 -> R5 Num Links 4
R3 -> R5 link 4 cost 4
R3 -> R5 link 7 cost 7
R3 -> R5 link 6 cost 6
R3 -> R5 link 5 cost 5
#RIB
R3 -> R2 -> R2, 2
R3 -> R3 -> Local, 0
R3 -> R4 -> R4, 3
R3 -> R5 -> R5, 7
R3 receives an LS PDU: sender 2, router_id 5, link_id 7, cost 7, via2
R3 receives an LS PDU: sender 2, router_id 5, link_id 6, cost 6, via2
R3 receives an LS PDU: sender 5, router_id 2, link_id 1, cost 1, via7
R3 receives an LS PDU: sender 2, router_id 5, link_id 5, cost 5, via2
R3 receives an LS PDU: sender 5, router_id 2, link_id 2, cost 2, via7
R3 receives an LS PDU: sender 5, router_id 2, link_id 6, cost 6, via7
R3 receives an LS PDU: sender 4, router_id 5, link_id 4, cost 4, via3
R3 receives an LS PDU: sender 5, router_id 4, link_id 3, cost 3, via7
R3 receives an LS PDU: sender 4, router_id 5, link_id 7, cost 7, via3
R3 receives an LS PDU: sender 4, router_id 5, link_id 6, cost 6, via3
R3 receives an LS PDU: sender 5, router_id 4, link_id 4, cost 4, via7
R3 receives an LS PDU: sender 4, router_id 5, link_id 5, cost 5, via3
R3 receives an LS PDU: sender 2, router_id 1, link_id 1, cost 1, via2
# Topology Database
R3 -> R1 Num Links 1
R3 -> R1 link 1 cost 1
R3 -> R2 Num Links 3
R3 -> R2 link 1 cost 1
R3 -> R2 link 2 cost 2
R3 -> R2 link 6 cost 6
R3 -> R3 Num Links 3
R3 -> R3 link 2 cost 2
R3 -> R3 link 3 cost 3
R3 -> R3 link 7 cost 7
R3 -> R4 Num Links 2
R3 -> R4 link 3 cost 3
R3 -> R4 link 4 cost 4
R3 -> R5 Num Links 4
R3 -> R5 link 4 cost 4
R3 -> R5 link 7 cost 7
R3 -> R5 link 6 cost 6
R3 -> R5 link 5 cost 5
#RIB
R3 -> R1 -> R2, 3
R3 -> R2 -> R2, 2
R3 -> R3 -> Local, 0
R3 -> R4 -> R4, 3
R3 -> R5 -> R5, 7
R3 receives an LS PDU: sender 2, router_id 1, link_id 5, cost 5, via2
# Topology Database
R3 -> R1 Num Links 2
R3 -> R1 link 1 cost 1
R3 -> R1 link 5 cost 5
R3 -> R2 Num Links 3
R3 -> R2 link 1 cost 1
R3 -> R2 link 2 cost 2
R3 -> R2 link 6 cost 6
R3 -> R3 Num Links 3
R3 -> R3 link 2 cost 2
R3 -> R3 link 3 cost 3
R3 -> R3 link 7 cost 7
R3 -> R4 Num Links 2
R3 -> R4 link 3 cost 3
R3 -> R4 link 4 cost 4
R3 -> R5 Num Links 4
R3 -> R5 link 4 cost 4
R3 -> R5 link 7 cost 7
R3 -> R5 link 6 cost 6
R3 -> R5 link 5 cost 5
#RIB
R3 -> R1 -> R2, 3
R3 -> R2 -> R2, 2
R3 -> R3 -> Local, 0
R3 -> R4 -> R4, 3
R3 -> R5 -> R5, 7
R3 receives an LS PDU: sender 5, router_id 1, link_id 1, cost 1, via7
R3 receives an LS PDU: sender 5, router_id 1, link_id 5, cost 5, via7
R3 receives an LS PDU: sender 4, router_id 1, link_id 1, cost 1, via3
R3 receives an LS PDU: sender 4, router_id 1, link_id 5, cost 5, via3
R3 --> INIT packet sent
R3 --> HELLO packet sent on link 2
R3 --> HELLO packet sent on link 7
R3 --> HELLO packet sent on link 3
R3 -> HELLO packet from 4 link 3
R3 sent LS PDU: , router_id 3, link_id 2, cost 2, via3
R3 sent LS PDU: , router_id 3, link_id 7, cost 7, via3
R3 sent LS PDU: , router_id 3, link_id 3, cost 3, via3
R3 -> HELLO packet from 5 link 7
R3 sent LS PDU: , router_id 3, link_id 2, cost 2, via7
R3 sent LS PDU: , router_id 3, link_id 7, cost 7, via7
R3 sent LS PDU: , router_id 3, link_id 3, cost 3, via7
R3 receives a LS PDU: sender 5, router_id 5, link_id 4, cost 4, via7
R3 sent LS PDU: , router_id 5, link_id 4, cost 4, via3
# Topology Database
R3 -> R1 Num Links 0
R3 -> R2 Num Links 0
R3 -> R3 Num Links 2
R3 -> R3 link 3 cost 3
R3 -> R3 link 7 cost 7
R3 -> R4 Num Links 0
R3 -> R5 Num Links 1
R3 -> R5 link 4 cost 4
#RIB
R3 -> R3 -> Local, 0
R3 receives a LS PDU: sender 5, router_id 5, link_id 7, cost 7, via7
R3 sent LS PDU: , router_id 5, link_id 7, cost 7, via3
# Topology Database
R3 -> R1 Num Links 0
R3 -> R2 Num Links 0
R3 -> R3 Num Links 2
R3 -> R3 link 3 cost 3
R3 -> R3 link 7 cost 7
R3 -> R4 Num Links 0
R3 -> R5 Num Links 2
R3 -> R5 link 4 cost 4
R3 -> R5 link 7 cost 7
#RIB
R3 -> R3 -> Local, 0
R3 -> R5 -> R5, 7
R3 receives a LS PDU: sender 5, router_id 5, link_id 6, cost 6, via7
R3 sent LS PDU: , router_id 5, link_id 6, cost 6, via3
# Topology Database
R3 -> R1 Num Links 0
R3 -> R2 Num Links 0
R3 -> R3 Num Links 2
R3 -> R3 link 3 cost 3
R3 -> R3 link 7 cost 7
R3 -> R4 Num Links 0
R3 -> R5 Num Links 3
R3 -> R5 link 4 cost 4
R3 -> R5 link 7 cost 7
R3 -> R5 link 6 cost 6
#RIB
R3 -> R3 -> Local, 0
R3 -> R5 -> R5, 7
R3 receives a LS PDU: sender 5, router_id 5, link_id 5, cost 5, via7
R3 sent LS PDU: , router_id 5, link_id 5, cost 5, via3
# Topology Database
R3 -> R1 Num Links 0
R3 -> R2 Num Links 0
R3 -> R3 Num Links 2
R3 -> R3 link 3 cost 3
R3 -> R3 link 7 cost 7
R3 -> R4 Num Links 0
R3 -> R5 Num Links 4
R3 -> R5 link 4 cost 4
R3 -> R5 link 7 cost 7
R3 -> R5 link 6 cost 6
R3 -> R5 link 5 cost 5
#RIB
R3 -> R3 -> Local, 0
R3 -> R5 -> R5, 7
R3 -> HELLO packet from 2 link 2
R3 sent LS PDU: , router_id 3, link_id 2, cost 2, via2
R3 sent LS PDU: , router_id 3, link_id 7, cost 7, via2
R3 sent LS PDU: , router_id 3, link_id 3, cost 3, via2
R3 receives a LS PDU: sender 2, router_id 2, link_id 1, cost 1, via2
R3 sent LS PDU: , router_id 2, link_id 1, cost 1, via3
R3 sent LS PDU: , router_id 2, link_id 1, cost 1, via7
# Topology Database
R3 -> R1 Num Links 0
R3 -> R2 Num Links 1
R3 -> R2 link 1 cost 1
R3 -> R3 Num Links 3
R3 -> R3 link 3 cost 3
R3 -> R3 link 7 cost 7
R3 -> R3 link 2 cost 2
R3 -> R4 Num Links 0
R3 -> R5 Num Links 4
R3 -> R5 link 4 cost 4
R3 -> R5 link 7 cost 7
R3 -> R5 link 6 cost 6
R3 -> R5 link 5 cost 5
#RIB
R3 -> R3 -> Local, 0
R3 -> R5 -> R5, 7
R3 receives a LS PDU: sender 2, router_id 2, link_id 2, cost 2, via2
R3 sent LS PDU: , router_id 2, link_id 2, cost 2, via3
R3 sent LS PDU: , router_id 2, link_id 2, cost 2, via7
# Topology Database
R3 -> R1 Num Links 0
R3 -> R2 Num Links 2
R3 -> R2 link 1 cost 1
R3 -> R2 link 2 cost 2
R3 -> R3 Num Links 3
R3 -> R3 link 3 cost 3
R3 -> R3 link 7 cost 7
R3 -> R3 link 2 cost 2
R3 -> R4 Num Links 0
R3 -> R5 Num Links 4
R3 -> R5 link 4 cost 4
R3 -> R5 link 7 cost 7
R3 -> R5 link 6 cost 6
R3 -> R5 link 5 cost 5
#RIB
R3 -> R2 -> R2, 2
R3 -> R3 -> Local, 0
R3 -> R5 -> R5, 7
R3 receives a LS PDU: sender 2, router_id 2, link_id 6, cost 6, via2
R3 sent LS PDU: , router_id 2, link_id 6, cost 6, via3
R3 sent LS PDU: , router_id 2, link_id 6, cost 6, via7
# Topology Database
R3 -> R1 Num Links 0
R3 -> R2 Num Links 3
R3 -> R2 link 1 cost 1
R3 -> R2 link 2 cost 2
R3 -> R2 link 6 cost 6
R3 -> R3 Num Links 3
R3 -> R3 link 3 cost 3
R3 -> R3 link 7 cost 7
R3 -> R3 link 2 cost 2
R3 -> R4 Num Links 0
R3 -> R5 Num Links 4
R3 -> R5 link 4 cost 4
R3 -> R5 link 7 cost 7
R3 -> R5 link 6 cost 6
R3 -> R5 link 5 cost 5
#RIB
R3 -> R2 -> R2, 2
R3 -> R3 -> Local, 0
R3 -> R5 -> R5, 7
R3 receives a LS PDU: sender 5, router_id 1, link_id 1, cost 1, via7
R3 sent LS PDU: , router_id 1, link_id 1, cost 1, via2
R3 sent LS PDU: , router_id 1, link_id 1, cost 1, via3
# Topology Database
R3 -> R1 Num Links 1
R3 -> R1 link 1 cost 1
R3 -> R2 Num Links 3
R3 -> R2 link 1 cost 1
R3 -> R2 link 2 cost 2
R3 -> R2 link 6 cost 6
R3 -> R3 Num Links 3
R3 -> R3 link 3 cost 3
R3 -> R3 link 7 cost 7
R3 -> R3 link 2 cost 2
R3 -> R4 Num Links 0
R3 -> R5 Num Links 4
R3 -> R5 link 4 cost 4
R3 -> R5 link 7 cost 7
R3 -> R5 link 6 cost 6
R3 -> R5 link 5 cost 5
#RIB
R3 -> R1 -> R2, 3
R3 -> R2 -> R2, 2
R3 -> R3 -> Local, 0
R3 -> R5 -> R5, 7
R3 receives a LS PDU: sender 4, router_id 4, link_id 3, cost 3, via3
R3 sent LS PDU: , router_id 4, link_id 3, cost 3, via2
R3 sent LS PDU: , router_id 4, link_id 3, cost 3, via7
# Topology Database
R3 -> R1 Num Links 1
R3 -> R1 link 1 cost 1
R3 -> R2 Num Links 3
R3 -> R2 link 1 cost 1
R3 -> R2 link 2 cost 2
R3 -> R2 link 6 cost 6
R3 -> R3 Num Links 3
R3 -> R3 link 3 cost 3
R3 -> R3 link 7 cost 7
R3 -> R3 link 2 cost 2
R3 -> R4 Num Links 1
R3 -> R4 link 3 cost 3
R3 -> R5 Num Links 4
R3 -> R5 link 4 cost 4
R3 -> R5 link 7 cost 7
R3 -> R5 link 6 cost 6
R3 -> R5 link 5 cost 5
#RIB
R3 -> R1 -> R2, 3
R3 -> R2 -> R2, 2
R3 -> R3 -> Local, 0
R3 -> R4 -> R4, 3
R3 -> R5 -> R5, 7
R3 receives a LS PDU: sender 4, router_id 4, link_id 4, cost 4, via3
R3 sent LS PDU: , router_id 4, link_id 4, cost 4, via2
R3 sent LS PDU: , router_id 4, link_id 4, cost 4, via7
# Topology Database
R3 -> R1 Num Links 1
R3 -> R1 link 1 cost 1
R3 -> R2 Num Links 3
R3 -> R2 link 1 cost 1
R3 -> R2 link 2 cost 2
R3 -> R2 link 6 cost 6
R3 -> R3 Num Links 3
R3 -> R3 link 3 cost 3
R3 -> R3 link 7 cost 7
R3 -> R3 link 2 cost 2
R3 -> R4 Num Links 2
R3 -> R4 link 3 cost 3
R3 -> R4 link 4 cost 4
R3 -> R5 Num Links 4
R3 -> R5 link 4 cost 4
R3 -> R5 link 7 cost 7
R3 -> R5 link 6 cost 6
R3 -> R5 link 5 cost 5
#RIB
R3 -> R1 -> R2, 3
R3 -> R2 -> R2, 2
R3 -> R3 -> Local, 0
R3 -> R4 -> R4, 3
R3 -> R5 -> R5, 7
R3 receives a LS PDU: sender 5, router_id 1, link_id 5, cost 5, via7
R3 sent LS PDU: , router_id 1, link_id 5, cost 5, via2
R3 sent LS PDU: , router_id 1, link_id 5, cost 5, via3
# Topology Database
R3 -> R1 Num Links 2
R3 -> R1 link 1 cost 1
R3 -> R1 link 5 cost 5
R3 -> R2 Num Links 3
R3 -> R2 link 1 cost 1
R3 -> R2 link 2 cost 2
R3 -> R2 link 6 cost 6
R3 -> R3 Num Links 3
R3 -> R3 link 3 cost 3
R3 -> R3 link 7 cost 7
R3 -> R3 link 2 cost 2
R3 -> R4 Num Links 2
R3 -> R4 link 3 cost 3
R3 -> R4 link 4 cost 4
R3 -> R5 Num Links 4
R3 -> R5 link 4 cost 4
R3 -> R5 link 7 cost 7
R3 -> R5 link 6 cost 6
R3 -> R5 link 5 cost 5
#RIB
R3 -> R1 -> R2, 3
R3 -> R2 -> R2, 2
R3 -> R3 -> Local, 0
R3 -> R4 -> R4, 3
R3 -> R5 -> R5, 7
R3 receives a LS PDU: sender 5, router_id 2, link_id 1, cost 1, via7
R3 receives a LS PDU: sender 4, router_id 5, link_id 4, cost 4, via3
R3 receives a LS PDU: sender 5, router_id 2, link_id 2, cost 2, via7
R3 receives a LS PDU: sender 4, router_id 5, link_id 7, cost 7, via3
R3 receives a LS PDU: sender 5, router_id 2, link_id 6, cost 6, via7
R3 receives a LS PDU: sender 4, router_id 5, link_id 6, cost 6, via3
R3 receives a LS PDU: sender 4, router_id 5, link_id 5, cost 5, via3
R3 receives a LS PDU: sender 5, router_id 4, link_id 3, cost 3, via7
R3 receives a LS PDU: sender 5, router_id 4, link_id 4, cost 4, via7
R3 receives a LS PDU: sender 4, router_id 1, link_id 1, cost 1, via3
R3 receives a LS PDU: sender 4, router_id 1, link_id 5, cost 5, via3
R3 receives a LS PDU: sender 2, router_id 5, link_id 4, cost 4, via2
R3 receives a LS PDU: sender 2, router_id 5, link_id 7, cost 7, via2
R3 receives a LS PDU: sender 2, router_id 5, link_id 6, cost 6, via2
R3 receives a LS PDU: sender 2, router_id 5, link_id 5, cost 5, via2
