R5 -> HELLO packet from 1 link 5
R5 -> HELLO packet from 3 link 7
R5 -> HELLO packet from 2 link 6
R5 -> HELLO packet from 4 link 4
R5 -> HELLO packet from 1 link 5
R5 -> HELLO packet from 2 link 6
R5 -> HELLO packet from 3 link 7
R5 -> HELLO packet from 4 link 4
R5 receives an LS PDU: sender 2, router_id 2, link_id 1, cost 1, via6
# Topology Database
R5 -> R1 Num Links 0
R5 -> R2 Num Links 1
R5 -> R2 link 1 cost 1
R5 -> R3 Num Links 0
R5 -> R4 Num Links 0
R5 -> R5 Num Links 4
R5 -> R5 link 5 cost 5
R5 -> R5 link 6 cost 6
R5 -> R5 link 7 cost 7
R5 -> R5 link 4 cost 4
#RIB
R5 -> R5 -> Local, 0
R5 receives an LS PDU: sender 2, router_id 2, link_id 2, cost 2, via6
# Topology Database
R5 -> R1 Num Links 0
R5 -> R2 Num Links 2
R5 -> R2 link 1 cost 1
R5 -> R2 link 2 cost 2
R5 -> R3 Num Links 0
R5 -> R4 Num Links 0
R5 -> R5 Num Links 4
R5 -> R5 link 5 cost 5
R5 -> R5 link 6 cost 6
R5 -> R5 link 7 cost 7
R5 -> R5 link 4 cost 4
#RIB
R5 -> R5 -> Local, 0
R5 receives an LS PDU: sender 2, router_id 2, link_id 6, cost 6, via6
# Topology Database
R5 -> R1 Num Links 0
R5 -> R2 Num Links 3
R5 -> R2 link 1 cost 1
R5 -> R2 link 2 cost 2
R5 -> R2 link 6 cost 6
R5 -> R3 Num Links 0
R5 -> R4 Num Links 0
R5 -> R5 Num Links 4
R5 -> R5 link 5 cost 5
R5 -> R5 link 6 cost 6
R5 -> R5 link 7 cost 7
R5 -> R5 link 4 cost 4
#RIB
R5 -> R2 -> R2, 6
R5 -> R5 -> Local, 0
R5 receives an LS PDU: sender 4, router_id 4, link_id 3, cost 3, via4
# Topology Database
R5 -> R1 Num Links 0
R5 -> R2 Num Links 3
R5 -> R2 link 1 cost 1
R5 -> R2 link 2 cost 2
R5 -> R2 link 6 cost 6
R5 -> R3 Num Links 0
R5 -> R4 Num Links 1
R5 -> R4 link 3 cost 3
R5 -> R5 Num Links 4
R5 -> R5 link 5 cost 5
R5 -> R5 link 6 cost 6
R5 -> R5 link 7 cost 7
R5 -> R5 link 4 cost 4
#RIB
R5 -> R2 -> R2, 6
R5 -> R5 -> Local, 0
R5 receives an LS PDU: sender 4, router_id 4, link_id 4, cost 4, via4
# Topology Database
R5 -> R1 Num Links 0
R5 -> R2 Num Links 3
R5 -> R2 link 1 cost 1
R5 -> R2 link 2 cost 2
R5 -> R2 link 6 cost 6
R5 -> R3 Num Links 0
R5 -> R4 Num Links 2
R5 -> R4 link 3 cost 3
R5 -> R4 link 4 cost 4
R5 -> R5 Num Links 4
R5 -> R5 link 5 cost 5
R5 -> R5 link 6 cost 6
R5 -> R5 link 7 cost 7
R5 -> R5 link 4 cost 4
#RIB
R5 -> R2 -> R2, 6
R5 -> R4 -> R4, 4
R5 -> R5 -> Local, 0
R5 receives an LS PDU: sender 3, router_id 3, link_id 2, cost 2, via7
# Topology Database
R5 -> R1 Num Links 0
R5 -> R2 Num Links 3
R5 -> R2 link 1 cost 1
R5 -> R2 link 2 cost 2
R5 -> R2 link 6 cost 6
R5 -> R3 Num Links 1
R5 -> R3 link 2 cost 2
R5 -> R4 Num Links 2
R5 -> R4 link 3 cost 3
R5 -> R4 link 4 cost 4
R5 -> R5 Num Links 4
R5 -> R5 link 5 cost 5
R5 -> R5 link 6 cost 6
R5 -> R5 link 7 cost 7
R5 -> R5 link 4 cost 4
#RIB
R5 -> R2 -> R2, 6
R5 -> R3 -> R2, 8
R5 -> R4 -> R4, 4
R5 -> R5 -> Local, 0
R5 receives an LS PDU: sender 3, router_id 3, link_id 7, cost 7, via7
# Topology Database
R5 -> R1 Num Links 0
R5 -> R2 Num Links 3
R5 -> R2 link 1 cost 1
R5 -> R2 link 2 cost 2
R5 -> R2 link 6 cost 6
R5 -> R3 Num Links 2
R5 -> R3 link 2 cost 2
R5 -> R3 link 7 cost 7
R5 -> R4 Num Links 2
R5 -> R4 link 3 cost 3
R5 -> R4 link 4 cost 4
R5 -> R5 Num Links 4
R5 -> R5 link 5 cost 5
R5 -> R5 link 6 cost 6
R5 -> R5 link 7 cost 7
R5 -> R5 link 4 cost 4
#RIB
R5 -> R2 -> R2, 6
R5 -> R3 -> R3, 7
R5 -> R4 -> R4, 4
R5 -> R5 -> Local, 0
R5 receives an LS PDU: sender 3, router_id 3, link_id 3, cost 3, via7
# Topology Database
R5 -> R1 Num Links 0
R5 -> R2 Num Links 3
R5 -> R2 link 1 cost 1
R5 -> R2 link 2 cost 2
R5 -> R2 link 6 cost 6
R5 -> R3 Num Links 3
R5 -> R3 link 2 cost 2
R5 -> R3 link 7 cost 7
R5 -> R3 link 3 cost 3
R5 -> R4 Num Links 2
R5 -> R4 link 3 cost 3
R5 -> R4 link 4 cost 4
R5 -> R5 Num Links 4
R5 -> R5 link 5 cost 5
R5 -> R5 link 6 cost 6
R5 -> R5 link 7 cost 7
R5 -> R5 link 4 cost 4
#RIB
R5 -> R2 -> R2, 6
R5 -> R3 -> R3, 7
R5 -> R4 -> R4, 4
R5 -> R5 -> Local, 0
R5 receives an LS PDU: sender 3, router_id 2, link_id 1, cost 1, via7
R5 receives an LS PDU: sender 3, router_id 2, link_id 2, cost 2, via7
R5 receives an LS PDU: sender 3, router_id 2, link_id 6, cost 6, via7
R5 receives an LS PDU: sender 2, router_id 3, link_id 2, cost 2, via6
R5 receives an LS PDU: sender 4, router_id 3, link_id 2, cost 2, via4
R5 receives an LS PDU: sender 3, router_id 4, link_id 3, cost 3, via7
R5 receives an LS PDU: sender 2, router_id 3, link_id 7, cost 7, via6
R5 receives an LS PDU: sender 4, router_id 3, link_id 7, cost 7, via4
R5 receives an LS PDU: sender 3, router_id 4, link_id 4, cost 4, via7
R5 receives an LS PDU: sender 2, router_id 3, link_id 3, cost 3, via6
R5 receives an LS PDU: sender 4, router_id 3, link_id 3, cost 3, via4
R5 receives an LS PDU: sender 3, router_id 5, link_id 4, cost 4, via7
R5 receives an LS PDU: sender 4, router_id 2, link_id 1, cost 1, via4
R5 receives an LS PDU: sender 4, router_id 2, link_id 2, cost 2, via4
R5 receives an LS PDU: sender 2, router_id 4, link_id 3, cost 3, via6
R5 receives an LS PDU: sender 2, router_id 4, link_id 4, cost 4, via6
R5 receives an LS PDU: sender 4, router_id 2, link_id 6, cost 6, via4
R5 receives an LS PDU: sender 1, router_id 1, link_id 1, cost 1, via5
# Topology Database
R5 -> R1 Num Links 1
R5 -> R1 link 1 cost 1
R5 -> R2 Num Links 3
R5 -> R2 link 1 cost 1
R5 -> R2 link 2 cost 2
R5 -> R2 link 6 cost 6
R5 -> R3 Num Links 3
R5 -> R3 link 2 cost 2
R5 -> R3 link 7 cost 7
R5 -> R3 link 3 cost 3
R5 -> R4 Num Links 2
R5 -> R4 link 3 cost 3
R5 -> R4 link 4 cost 4
R5 -> R5 Num Links 4
R5 -> R5 link 5 cost 5
R5 -> R5 link 6 cost 6
R5 -> R5 link 7 cost 7
R5 -> R5 link 4 cost 4
#RIB
R5 -> R1 -> R2, 7
R5 -> R2 -> R2, 6
R5 -> R3 -> R3, 7
R5 -> R4 -> R4, 4
R5 -> R5 -> Local, 0
R5 receives an LS PDU: sender 1, router_id 1, link_id 5, cost 5, via5
# Topology Database
R5 -> R1 Num Links 2
R5 -> R1 link 1 cost 1
R5 -> R1 link 5 cost 5
R5 -> R2 Num Links 3
R5 -> R2 link 1 cost 1
R5 -> R2 link 2 cost 2
R5 -> R2 link 6 cost 6
R5 -> R3 Num Links 3
R5 -> R3 link 2 cost 2
R5 -> R3 link 7 cost 7
R5 -> R3 link 3 cost 3
R5 -> R4 Num Links 2
R5 -> R4 link 3 cost 3
R5 -> R4 link 4 cost 4
R5 -> R5 Num Links 4
R5 -> R5 link 5 cost 5
R5 -> R5 link 6 cost 6
R5 -> R5 link 7 cost 7
R5 -> R5 link 4 cost 4
#RIB
R5 -> R1 -> R1, 5
R5 -> R2 -> R2, 6
R5 -> R3 -> R3, 7
R5 -> R4 -> R4, 4
R5 -> R5 -> Local, 0
R5 receives an LS PDU: sender 1, router_id 2, link_id 1, cost 1, via5
R5 receives an LS PDU: sender 2, router_id 1, link_id 1, cost 1, via6
R5 receives an LS PDU: sender 1, router_id 2, link_id 2, cost 2, via5
R5 receives an LS PDU: sender 1, router_id 2, link_id 6, cost 6, via5
R5 receives an LS PDU: sender 2, router_id 1, link_id 5, cost 5, via6
R5 receives an LS PDU: sender 1, router_id 3, link_id 2, cost 2, via5
R5 receives an LS PDU: sender 1, router_id 3, link_id 7, cost 7, via5
R5 receives an LS PDU: sender 1, router_id 3, link_id 3, cost 3, via5
R5 receives an LS PDU: sender 3, router_id 1, link_id 1, cost 1, via7
R5 receives an LS PDU: sender 3, router_id 1, link_id 5, cost 5, via7
R5 --> INIT packet sent
R5 --> HELLO packet sent on link 4
R5 --> HELLO packet sent on link 7
R5 --> HELLO packet sent on link 6
R5 --> HELLO packet sent on link 5
R5 -> HELLO packet from 3 link 7
R5 sent LS PDU: , router_id 5, link_id 4, cost 4, via7
R5 sent LS PDU: , router_id 5, link_id 7, cost 7, via7
R5 sent LS PDU: , router_id 5, link_id 6, cost 6, via7
R5 sent LS PDU: , router_id 5, link_id 5, cost 5, via7
R5 -> HELLO packet from 4 link 4
R5 sent LS PDU: , router_id 5, link_id 4, cost 4, via4
R5 sent LS PDU: , router_id 5, link_id 7, cost 7, via4
R5 sent LS PDU: , router_id 5, link_id 6, cost 6, via4
R5 sent LS PDU: , router_id 5, link_id 5, cost 5, via4
R5 -> HELLO packet from 1 link 5
R5 sent LS PDU: , router_id 5, link_id 4, cost 4, via5
R5 sent LS PDU: , router_id 5, link_id 7, cost 7, via5
R5 sent LS PDU: , router_id 5, link_id 6, cost 6, via5
R5 sent LS PDU: , router_id 5, link_id 5, cost 5, via5
R5 receives a LS PDU: sender 3, router_id 3, link_id 2, cost 2, via7
R5 sent LS PDU: , router_id 3, link_id 2, cost 2, via5
R5 sent LS PDU: , router_id 3, link_id 2, cost 2, via4
# Topology Database
R5 -> R1 Num Links 0
R5 -> R2 Num Links 0
R5 -> R3 Num Links 1
R5 -> R3 link 2 cost 2
R5 -> R4 Num Links 0
R5 -> R5 Num Links 3
R5 -> R5 link 7 cost 7
R5 -> R5 link 4 cost 4
R5 -> R5 link 5 cost 5
#RIB
R5 -> R5 -> Local, 0
R5 receives a LS PDU: sender 3, router_id 3, link_id 7, cost 7, via7
R5 sent LS PDU: , router_id 3, link_id 7, cost 7, via5
R5 sent LS PDU: , router_id 3, link_id 7, cost 7, via4
# Topology Database
R5 -> R1 Num Links 0
R5 -> R2 Num Links 0
R5 -> R3 Num Links 2
R5 -> R3 link 2 cost 2
R5 -> R3 link 7 cost 7
R5 -> R4 Num Links 0
R5 -> R5 Num Links 3
R5 -> R5 link 7 cost 7
R5 -> R5 link 4 cost 4
R5 -> R5 link 5 cost 5
#RIB
R5 -> R3 -> R3, 7
R5 -> R5 -> Local, 0
R5 receives a LS PDU: sender 3, router_id 3, link_id 3, cost 3, via7
R5 sent LS PDU: , router_id 3, link_id 3, cost 3, via5
R5 sent LS PDU: , router_id 3, link_id 3, cost 3, via4
# Topology Database
R5 -> R1 Num Links 0
R5 -> R2 Num Links 0
R5 -> R3 Num Links 3
R5 -> R3 link 2 cost 2
R5 -> R3 link 7 cost 7
R5 -> R3 link 3 cost 3
R5 -> R4 Num Links 0
R5 -> R5 Num Links 3
R5 -> R5 link 7 cost 7
R5 -> R5 link 4 cost 4
R5 -> R5 link 5 cost 5
#RIB
R5 -> R3 -> R3, 7
R5 -> R5 -> Local, 0
R5 receives a LS PDU: sender 1, router_id 1, link_id 1, cost 1, via5
R5 sent LS PDU: , router_id 1, link_id 1, cost 1, via7
R5 sent LS PDU: , router_id 1, link_id 1, cost 1, via4
# Topology Database
R5 -> R1 Num Links 1
R5 -> R1 link 1 cost 1
R5 -> R2 Num Links 0
R5 -> R3 Num Links 3
R5 -> R3 link 2 cost 2
R5 -> R3 link 7 cost 7
R5 -> R3 link 3 cost 3
R5 -> R4 Num Links 0
R5 -> R5 Num Links 3
R5 -> R5 link 7 cost 7
R5 -> R5 link 4 cost 4
R5 -> R5 link 5 cost 5
#RIB
R5 -> R3 -> R3, 7
R5 -> R5 -> Local, 0
R5 receives a LS PDU: sender 1, router_id 1, link_id 5, cost 5, via5
R5 sent LS PDU: , router_id 1, link_id 5, cost 5, via7
R5 sent LS PDU: , router_id 1, link_id 5, cost 5, via4
# Topology Database
R5 -> R1 Num Links 2
R5 -> R1 link 1 cost 1
R5 -> R1 link 5 cost 5
R5 -> R2 Num Links 0
R5 -> R3 Num Links 3
R5 -> R3 link 2 cost 2
R5 -> R3 link 7 cost 7
R5 -> R3 link 3 cost 3
R5 -> R4 Num Links 0
R5 -> R5 Num Links 3
R5 -> R5 link 7 cost 7
R5 -> R5 link 4 cost 4
R5 -> R5 link 5 cost 5
#RIB
R5 -> R1 -> R1, 5
R5 -> R3 -> R3, 7
R5 -> R5 -> Local, 0
R5 -> HELLO packet from 2 link 6
R5 sent LS PDU: , router_id 5, link_id 4, cost 4, via6
R5 sent LS PDU: , router_id 5, link_id 7, cost 7, via6
R5 sent LS PDU: , router_id 5, link_id 6, cost 6, via6
R5 sent LS PDU: , router_id 5, link_id 5, cost 5, via6
R5 receives a LS PDU: sender 2, router_id 2, link_id 1, cost 1, via6
R5 sent LS PDU: , router_id 2, link_id 1, cost 1, via5
R5 sent LS PDU: , router_id 2, link_id 1, cost 1, via7
R5 sent LS PDU: , router_id 2, link_id 1, cost 1, via4
# Topology Database
R5 -> R1 Num Links 2
R5 -> R1 link 1 cost 1
R5 -> R1 link 5 cost 5
R5 -> R2 Num Links 1
R5 -> R2 link 1 cost 1
R5 -> R3 Num Links 3
R5 -> R3 link 2 cost 2
R5 -> R3 link 7 cost 7
R5 -> R3 link 3 cost 3
R5 -> R4 Num Links 0
R5 -> R5 Num Links 4
R5 -> R5 link 7 cost 7
R5 -> R5 link 4 cost 4
R5 -> R5 link 5 cost 5
R5 -> R5 link 6 cost 6
#RIB
R5 -> R1 -> R1, 5
R5 -> R2 -> R1, 6
R5 -> R3 -> R3, 7
R5 -> R5 -> Local, 0
R5 receives a LS PDU: sender 2, router_id 2, link_id 2, cost 2, via6
R5 sent LS PDU: , router_id 2, link_id 2, cost 2, via5
R5 sent LS PDU: , router_id 2, link_id 2, cost 2, via7
R5 sent LS PDU: , router_id 2, link_id 2, cost 2, via4
# Topology Database
R5 -> R1 Num Links 2
R5 -> R1 link 1 cost 1
R5 -> R1 link 5 cost 5
R5 -> R2 Num Links 2
R5 -> R2 link 1 cost 1
R5 -> R2 link 2 cost 2
R5 -> R3 Num Links 3
R5 -> R3 link 2 cost 2
R5 -> R3 link 7 cost 7
R5 -> R3 link 3 cost 3
R5 -> R4 Num Links 0
R5 -> R5 Num Links 4
R5 -> R5 link 7 cost 7
R5 -> R5 link 4 cost 4
R5 -> R5 link 5 cost 5
R5 -> R5 link 6 cost 6
#RIB
R5 -> R1 -> R1, 5
R5 -> R2 -> R1, 6
R5 -> R3 -> R3, 7
R5 -> R5 -> Local, 0
R5 receives a LS PDU: sender 2, router_id 2, link_id 6, cost 6, via6
R5 sent LS PDU: , router_id 2, link_id 6, cost 6, via5
R5 sent LS PDU: , router_id 2, link_id 6, cost 6, via7
R5 sent LS PDU: , router_id 2, link_id 6, cost 6, via4
# Topology Database
R5 -> R1 Num Links 2
R5 -> R1 link 1 cost 1
R5 -> R1 link 5 cost 5
R5 -> R2 Num Links 3
R5 -> R2 link 1 cost 1
R5 -> R2 link 2 cost 2
R5 -> R2 link 6 cost 6
R5 -> R3 Num Links 3
R5 -> R3 link 2 cost 2
R5 -> R3 link 7 cost 7
R5 -> R3 link 3 cost 3
R5 -> R4 Num Links 0
R5 -> R5 Num Links 4
R5 -> R5 link 7 cost 7
R5 -> R5 link 4 cost 4
R5 -> R5 link 5 cost 5
R5 -> R5 link 6 cost 6
#RIB
R5 -> R1 -> R1, 5
R5 -> R2 -> R2, 6
R5 -> R3 -> R3, 7
R5 -> R5 -> Local, 0
R5 receives a LS PDU: sender 3, router_id 2, link_id 1, cost 1, via7
R5 receives a LS PDU: sender 4, router_id 4, link_id 3, cost 3, via4
R5 sent LS PDU: , router_id 4, link_id 3, cost 3, via5
R5 sent LS PDU: , router_id 4, link_id 3, cost 3, via6
R5 sent LS PDU: , router_id 4, link_id 3, cost 3, via7
# Topology Database
R5 -> R1 Num Links 2
R5 -> R1 link 1 cost 1
R5 -> R1 link 5 cost 5
R5 -> R2 Num Links 3
R5 -> R2 link 1 cost 1
R5 -> R2 link 2 cost 2
R5 -> R2 link 6 cost 6
R5 -> R3 Num Links 3
R5 -> R3 link 2 cost 2
R5 -> R3 link 7 cost 7
R5 -> R3 link 3 cost 3
R5 -> R4 Num Links 1
R5 -> R4 link 3 cost 3
R5 -> R5 Num Links 4
R5 -> R5 link 7 cost 7
R5 -> R5 link 4 cost 4
R5 -> R5 link 5 cost 5
R5 -> R5 link 6 cost 6
#RIB
R5 -> R1 -> R1, 5
R5 -> R2 -> R2, 6
R5 -> R3 -> R3, 7
R5 -> R4 -> R3, 10
R5 -> R5 -> Local, 0
R5 receives a LS PDU: sender 4, router_id 4, link_id 4, cost 4, via4
R5 sent LS PDU: , router_id 4, link_id 4, cost 4, via5
R5 sent LS PDU: , router_id 4, link_id 4, cost 4, via6
R5 sent LS PDU: , router_id 4, link_id 4, cost 4, via7
# Topology Database
R5 -> R1 Num Links 2
R5 -> R1 link 1 cost 1
R5 -> R1 link 5 cost 5
R5 -> R2 Num Links 3
R5 -> R2 link 1 cost 1
R5 -> R2 link 2 cost 2
R5 -> R2 link 6 cost 6
R5 -> R3 Num Links 3
R5 -> R3 link 2 cost 2
R5 -> R3 link 7 cost 7
R5 -> R3 link 3 cost 3
R5 -> R4 Num Links 2
R5 -> R4 link 3 cost 3
R5 -> R4 link 4 cost 4
R5 -> R5 Num Links 4
R5 -> R5 link 7 cost 7
R5 -> R5 link 4 cost 4
R5 -> R5 link 5 cost 5
R5 -> R5 link 6 cost 6
#RIB
R5 -> R1 -> R1, 5
R5 -> R2 -> R2, 6
R5 -> R3 -> R3, 7
R5 -> R4 -> R4, 4
R5 -> R5 -> Local, 0
R5 receives a LS PDU: sender 3, router_id 2, link_id 2, cost 2, via7
R5 receives a LS PDU: sender 4, router_id 3, link_id 2, cost 2, via4
R5 receives a LS PDU: sender 3, router_id 2, link_id 6, cost 6, via7
R5 receives a LS PDU: sender 4, router_id 3, link_id 7, cost 7, via4
R5 receives a LS PDU: sender 4, router_id 3, link_id 3, cost 3, via4
R5 receives a LS PDU: sender 3, router_id 4, link_id 3, cost 3, via7
R5 receives a LS PDU: sender 3, router_id 4, link_id 4, cost 4, via7
R5 receives a LS PDU: sender 2, router_id 3, link_id 2, cost 2, via6
R5 receives a LS PDU: sender 4, router_id 2, link_id 1, cost 1, via4
R5 receives a LS PDU: sender 2, router_id 3, link_id 7, cost 7, via6
R5 receives a LS PDU: sender 4, router_id 2, link_id 2, cost 2, via4
R5 receives a LS PDU: sender 2, router_id 3, link_id 3, cost 3, via6
R5 receives a LS PDU: sender 1, router_id 2, link_id 1, cost 1, via5
R5 receives a LS PDU: sender 1, router_id 2, link_id 2, cost 2, via5
R5 receives a LS PDU: sender 1, router_id 2, link_id 6, cost 6, via5
R5 receives a LS PDU: sender 4, router_id 2, link_id 6, cost 6, via4
R5 receives a LS PDU: sender 2, router_id 1, link_id 1, cost 1, via6
R5 receives a LS PDU: sender 2, router_id 4, link_id 3, cost 3, via6
R5 receives a LS PDU: sender 2, router_id 4, link_id 4, cost 4, via6
R5 receives a LS PDU: sender 2, router_id 1, link_id 5, cost 5, via6
