R1 -> HELLO packet from 2 link 1
R1 receives an LS PDU: sender 2, router_id 2, link_id 1, cost 1, via1
# Topology Database
R1 -> R1 Num Links 1
R1 -> R1 link 1 cost 1
R1 -> R2 Num Links 1
R1 -> R2 link 1 cost 1
R1 -> R3 Num Links 0
R1 -> R4 Num Links 0
R1 -> R5 Num Links 0
#RIB
R1 -> R1 -> Local, 0
R1 -> R2 -> R2, 1
R1 receives an LS PDU: sender 2, router_id 2, link_id 2, cost 2, via1
# Topology Database
R1 -> R1 Num Links 1
R1 -> R1 link 1 cost 1
R1 -> R2 Num Links 2
R1 -> R2 link 1 cost 1
R1 -> R2 link 2 cost 2
R1 -> R3 Num Links 0
R1 -> R4 Num Links 0
R1 -> R5 Num Links 0
#RIB
R1 -> R1 -> Local, 0
R1 -> R2 -> R2, 1
R1 receives an LS PDU: sender 2, router_id 2, link_id 6, cost 6, via1
# Topology Database
R1 -> R1 Num Links 1
R1 -> R1 link 1 cost 1
R1 -> R2 Num Links 3
R1 -> R2 link 1 cost 1
R1 -> R2 link 2 cost 2
R1 -> R2 link 6 cost 6
R1 -> R3 Num Links 0
R1 -> R4 Num Links 0
R1 -> R5 Num Links 0
#RIB
R1 -> R1 -> Local, 0
R1 -> R2 -> R2, 1
R1 -> HELLO packet from 5 link 5
R1 -> HELLO packet from 2 link 1
R1 -> HELLO packet from 5 link 5
R1 receives an LS PDU: sender 2, router_id 2, link_id 1, cost 1, via1
# Topology Database
R1 -> R1 Num Links 2
R1 -> R1 link 1 cost 1
R1 -> R1 link 5 cost 5
R1 -> R2 Num Links 1
R1 -> R2 link 1 cost 1
R1 -> R3 Num Links 0
R1 -> R4 Num Links 0
R1 -> R5 Num Links 0
#RIB
R1 -> R1 -> Local, 0
R1 -> R2 -> R2, 1
R1 receives an LS PDU: sender 2, router_id 2, link_id 2, cost 2, via1
# Topology Database
R1 -> R1 Num Links 2
R1 -> R1 link 1 cost 1
R1 -> R1 link 5 cost 5
R1 -> R2 Num Links 2
R1 -> R2 link 1 cost 1
R1 -> R2 link 2 cost 2
R1 -> R3 Num Links 0
R1 -> R4 Num Links 0
R1 -> R5 Num Links 0
#RIB
R1 -> R1 -> Local, 0
R1 -> R2 -> R2, 1
R1 receives an LS PDU: sender 2, router_id 2, link_id 6, cost 6, via1
# Topology Database
R1 -> R1 Num Links 2
R1 -> R1 link 1 cost 1
R1 -> R1 link 5 cost 5
R1 -> R2 Num Links 3
R1 -> R2 link 1 cost 1
R1 -> R2 link 2 cost 2
R1 -> R2 link 6 cost 6
R1 -> R3 Num Links 0
R1 -> R4 Num Links 0
R1 -> R5 Num Links 0
#RIB
R1 -> R1 -> Local, 0
R1 -> R2 -> R2, 1
R1 receives an LS PDU: sender 5, router_id 5, link_id 4, cost 4, via5
# Topology Database
R1 -> R1 Num Links 2
R1 -> R1 link 1 cost 1
R1 -> R1 link 5 cost 5
R1 -> R2 Num Links 3
R1 -> R2 link 1 cost 1
R1 -> R2 link 2 cost 2
R1 -> R2 link 6 cost 6
R1 -> R3 Num Links 0
R1 -> R4 Num Links 0
R1 -> R5 Num Links 1
R1 -> R5 link 4 cost 4
#RIB
R1 -> R1 -> Local, 0
R1 -> R2 -> R2, 1
R1 receives an LS PDU: sender 5, router_id 5, link_id 7, cost 7, via5
# Topology Database
R1 -> R1 Num Links 2
R1 -> R1 link 1 cost 1
R1 -> R1 link 5 cost 5
R1 -> R2 Num Links 3
R1 -> R2 link 1 cost 1
R1 -> R2 link 2 cost 2
R1 -> R2 link 6 cost 6
R1 -> R3 Num Links 0
R1 -> R4 Num Links 0
R1 -> R5 Num Links 2
R1 -> R5 link 4 cost 4
R1 -> R5 link 7 cost 7
#RIB
R1 -> R1 -> Local, 0
R1 -> R2 -> R2, 1
R1 receives an LS PDU: sender 5, router_id 5, link_id 6, cost 6, via5
# Topology Database
R1 -> R1 Num Links 2
R1 -> R1 link 1 cost 1
R1 -> R1 link 5 cost 5
R1 -> R2 Num Links 3
R1 -> R2 link 1 cost 1
R1 -> R2 link 2 cost 2
R1 -> R2 link 6 cost 6
R1 -> R3 Num Links 0
R1 -> R4 Num Links 0
R1 -> R5 Num Links 3
R1 -> R5 link 4 cost 4
R1 -> R5 link 7 cost 7
R1 -> R5 link 6 cost 6
#RIB
R1 -> R1 -> Local, 0
R1 -> R2 -> R2, 1
R1 -> R5 -> R2, 7
R1 receives an LS PDU: sender 5, router_id 5, link_id 5, cost 5, via5
# Topology Database
R1 -> R1 Num Links 2
R1 -> R1 link 1 cost 1
R1 -> R1 link 5 cost 5
R1 -> R2 Num Links 3
R1 -> R2 link 1 cost 1
R1 -> R2 link 2 cost 2
R1 -> R2 link 6 cost 6
R1 -> R3 Num Links 0
R1 -> R4 Num Links 0
R1 -> R5 Num Links 4
R1 -> R5 link 4 cost 4
R1 -> R5 link 7 cost 7
R1 -> R5 link 6 cost 6
R1 -> R5 link 5 cost 5
#RIB
R1 -> R1 -> Local, 0
R1 -> R2 -> R2, 1
R1 -> R5 -> R5, 5
R1 receives an LS PDU: sender 2, router_id 5, link_id 4, cost 4, via1
R1 receives an LS PDU: sender 2, router_id 5, link_id 7, cost 7, via1
R1 receives an LS PDU: sender 2, router_id 5, link_id 6, cost 6, via1
R1 receives an LS PDU: sender 5, router_id 2, link_id 1, cost 1, via5
R1 receives an LS PDU: sender 2, router_id 5, link_id 5, cost 5, via1
R1 receives an LS PDU: sender 2, router_id 3, link_id 2, cost 2, via1
# Topology Database
R1 -> R1 Num Links 2
R1 -> R1 link 1 cost 1
R1 -> R1 link 5 cost 5
R1 -> R2 Num Links 3
R1 -> R2 link 1 cost 1
R1 -> R2 link 2 cost 2
R1 -> R2 link 6 cost 6
R1 -> R3 Num Links 1
R1 -> R3 link 2 cost 2
R1 -> R4 Num Links 0
R1 -> R5 Num Links 4
R1 -> R5 link 4 cost 4
R1 -> R5 link 7 cost 7
R1 -> R5 link 6 cost 6
R1 -> R5 link 5 cost 5
#RIB
R1 -> R1 -> Local, 0
R1 -> R2 -> R2, 1
R1 -> R3 -> R2, 3
R1 -> R5 -> R5, 5
R1 receives an LS PDU: sender 5, router_id 2, link_id 2, cost 2, via5
R1 receives an LS PDU: sender 2, router_id 3, link_id 7, cost 7, via1
# Topology Database
R1 -> R1 Num Links 2
R1 -> R1 link 1 cost 1
R1 -> R1 link 5 cost 5
R1 -> R2 Num Links 3
R1 -> R2 link 1 cost 1
R1 -> R2 link 2 cost 2
R1 -> R2 link 6 cost 6
R1 -> R3 Num Links 2
R1 -> R3 link 2 cost 2
R1 -> R3 link 7 cost 7
R1 -> R4 Num Links 0
R1 -> R5 Num Links 4
R1 -> R5 link 4 cost 4
R1 -> R5 link 7 cost 7
R1 -> R5 link 6 cost 6
R1 -> R5 link 5 cost 5
#RIB
R1 -> R1 -> Local, 0
R1 -> R2 -> R2, 1
R1 -> R3 -> R2, 3
R1 -> R5 -> R5, 5
R1 receives an LS PDU: sender 5, router_id 2, link_id 6, cost 6, via5
R1 receives an LS PDU: sender 2, router_id 3, link_id 3, cost 3, via1
# Topology Database
R1 -> R1 Num Links 2
R1 -> R1 link 1 cost 1
R1 -> R1 link 5 cost 5
R1 -> R2 Num Links 3
R1 -> R2 link 1 cost 1
R1 -> R2 link 2 cost 2
R1 -> R2 link 6 cost 6
R1 -> R3 Num Links 3
R1 -> R3 link 2 cost 2
R1 -> R3 link 7 cost 7
R1 -> R3 link 3 cost 3
R1 -> R4 Num Links 0
R1 -> R5 Num Links 4
R1 -> R5 link 4 cost 4
R1 -> R5 link 7 cost 7
R1 -> R5 link 6 cost 6
R1 -> R5 link 5 cost 5
#RIB
R1 -> R1 -> Local, 0
R1 -> R2 -> R2, 1
R1 -> R3 -> R2, 3
R1 -> R5 -> R5, 5
R1 receives an LS PDU: sender 5, router_id 4, link_id 3, cost 3, via5
# Topology Database
R1 -> R1 Num Links 2
R1 -> R1 link 1 cost 1
R1 -> R1 link 5 cost 5
R1 -> R2 Num Links 3
R1 -> R2 link 1 cost 1
R1 -> R2 link 2 cost 2
R1 -> R2 link 6 cost 6
R1 -> R3 Num Links 3
R1 -> R3 link 2 cost 2
R1 -> R3 link 7 cost 7
R1 -> R3 link 3 cost 3
R1 -> R4 Num Links 1
R1 -> R4 link 3 cost 3
R1 -> R5 Num Links 4
R1 -> R5 link 4 cost 4
R1 -> R5 link 7 cost 7
R1 -> R5 link 6 cost 6
R1 -> R5 link 5 cost 5
#RIB
R1 -> R1 -> Local, 0
R1 -> R2 -> R2, 1
R1 -> R3 -> R2, 3
R1 -> R4 -> R2, 6
R1 -> R5 -> R5, 5
R1 receives an LS PDU: sender 5, router_id 4, link_id 4, cost 4, via5
# Topology Database
R1 -> R1 Num Links 2
R1 -> R1 link 1 cost 1
R1 -> R1 link 5 cost 5
R1 -> R2 Num Links 3
R1 -> R2 link 1 cost 1
R1 -> R2 link 2 cost 2
R1 -> R2 link 6 cost 6
R1 -> R3 Num Links 3
R1 -> R3 link 2 cost 2
R1 -> R3 link 7 cost 7
R1 -> R3 link 3 cost 3
R1 -> R4 Num Links 2
R1 -> R4 link 3 cost 3
R1 -> R4 link 4 cost 4
R1 -> R5 Num Links 4
R1 -> R5 link 4 cost 4
R1 -> R5 link 7 cost 7
R1 -> R5 link 6 cost 6
R1 -> R5 link 5 cost 5
#RIB
R1 -> R1 -> Local, 0
R1 -> R2 -> R2, 1
R1 -> R3 -> R2, 3
R1 -> R4 -> R2, 6
R1 -> R5 -> R5, 5
R1 receives an LS PDU: sender 5, router_id 3, link_id 2, cost 2, via5
R1 receives an LS PDU: sender 5, router_id 3, link_id 7, cost 7, via5
R1 receives an LS PDU: sender 2, router_id 4, link_id 3, cost 3, via1
R1 receives an LS PDU: sender 5, router_id 3, link_id 3, cost 3, via5
R1 receives an LS PDU: sender 2, router_id 4, link_id 4, cost 4, via1
R1 --> INIT packet sent
R1 --> HELLO packet sent on link 1
R1 --> HELLO packet sent on link 5
R1 -> HELLO packet from 5 link 5
R1 sent LS PDU: , router_id 1, link_id 1, cost 1, via5
R1 sent LS PDU: , router_id 1, link_id 5, cost 5, via5
R1 -> HELLO packet from 2 link 1
R1 sent LS PDU: , router_id 1, link_id 1, cost 1, via1
R1 sent LS PDU: , router_id 1, link_id 5, cost 5, via1
R1 receives a LS PDU: sender 5, router_id 5, link_id 4, cost 4, via5
R1 sent LS PDU: , router_id 5, link_id 4, cost 4, via1
# Topology Database
R1 -> R1 Num Links 2
R1 -> R1 link 5 cost 5
R1 -> R1 link 1 cost 1
R1 -> R2 Num Links 0
R1 -> R3 Num Links 0
R1 -> R4 Num Links 0
R1 -> R5 Num Links 1
R1 -> R5 link 4 cost 4
#RIB
R1 -> R1 -> Local, 0
R1 receives a LS PDU: sender 5, router_id 5, link_id 7, cost 7, via5
R1 sent LS PDU: , router_id 5, link_id 7, cost 7, via1
# Topology Database
R1 -> R1 Num Links 2
R1 -> R1 link 5 cost 5
R1 -> R1 link 1 cost 1
R1 -> R2 Num Links 0
R1 -> R3 Num Links 0
R1 -> R4 Num Links 0
R1 -> R5 Num Links 2
R1 -> R5 link 4 cost 4
R1 -> R5 link 7 cost 7
#RIB
R1 -> R1 -> Local, 0
R1 receives a LS PDU: sender 5, router_id 5, link_id 6, cost 6, via5
R1 sent LS PDU: , router_id 5, link_id 6, cost 6, via1
# Topology Database
R1 -> R1 Num Links 2
R1 -> R1 link 5 cost 5
R1 -> R1 link 1 cost 1
R1 -> R2 Num Links 0
R1 -> R3 Num Links 0
R1 -> R4 Num Links 0
R1 -> R5 Num Links 3
R1 -> R5 link 4 cost 4
R1 -> R5 link 7 cost 7
R1 -> R5 link 6 cost 6
#RIB
R1 -> R1 -> Local, 0
R1 receives a LS PDU: sender 5, router_id 5, link_id 5, cost 5, via5
R1 sent LS PDU: , router_id 5, link_id 5, cost 5, via1
# Topology Database
R1 -> R1 Num Links 2
R1 -> R1 link 5 cost 5
R1 -> R1 link 1 cost 1
R1 -> R2 Num Links 0
R1 -> R3 Num Links 0
R1 -> R4 Num Links 0
R1 -> R5 Num Links 4
R1 -> R5 link 4 cost 4
R1 -> R5 link 7 cost 7
R1 -> R5 link 6 cost 6
R1 -> R5 link 5 cost 5
#RIB
R1 -> R1 -> Local, 0
R1 -> R5 -> R5, 5
R1 receives a LS PDU: sender 5, router_id 3, link_id 2, cost 2, via5
R1 sent LS PDU: , router_id 3, link_id 2, cost 2, via1
# Topology Database
R1 -> R1 Num Links 2
R1 -> R1 link 5 cost 5
R1 -> R1 link 1 cost 1
R1 -> R2 Num Links 0
R1 -> R3 Num Links 1
R1 -> R3 link 2 cost 2
R1 -> R4 Num Links 0
R1 -> R5 Num Links 4
R1 -> R5 link 4 cost 4
R1 -> R5 link 7 cost 7
R1 -> R5 link 6 cost 6
R1 -> R5 link 5 cost 5
#RIB
R1 -> R1 -> Local, 0
R1 -> R5 -> R5, 5
R1 receives a LS PDU: sender 5, router_id 3, link_id 7, cost 7, via5
R1 sent LS PDU: , router_id 3, link_id 7, cost 7, via1
# Topology Database
R1 -> R1 Num Links 2
R1 -> R1 link 5 cost 5
R1 -> R1 link 1 cost 1
R1 -> R2 Num Links 0
R1 -> R3 Num Links 2
R1 -> R3 link 2 cost 2
R1 -> R3 link 7 cost 7
R1 -> R4 Num Links 0
R1 -> R5 Num Links 4
R1 -> R5 link 4 cost 4
R1 -> R5 link 7 cost 7
R1 -> R5 link 6 cost 6
R1 -> R5 link 5 cost 5
#RIB
R1 -> R1 -> Local, 0
R1 -> R3 -> R5, 12
R1 -> R5 -> R5, 5
R1 receives a LS PDU: sender 2, router_id 2, link_id 1, cost 1, via1
R1 sent LS PDU: , router_id 2, link_id 1, cost 1, via5
# Topology Database
R1 -> R1 Num Links 2
R1 -> R1 link 5 cost 5
R1 -> R1 link 1 cost 1
R1 -> R2 Num Links 1
R1 -> R2 link 1 cost 1
R1 -> R3 Num Links 2
R1 -> R3 link 2 cost 2
R1 -> R3 link 7 cost 7
R1 -> R4 Num Links 0
R1 -> R5 Num Links 4
R1 -> R5 link 4 cost 4
R1 -> R5 link 7 cost 7
R1 -> R5 link 6 cost 6
R1 -> R5 link 5 cost 5
#RIB
R1 -> R1 -> Local, 0
R1 -> R2 -> R2, 1
R1 -> R3 -> R5, 12
R1 -> R5 -> R5, 5
R1 receives a LS PDU: sender 2, router_id 2, link_id 2, cost 2, via1
R1 sent LS PDU: , router_id 2, link_id 2, cost 2, via5
# Topology Database
R1 -> R1 Num Links 2
R1 -> R1 link 5 cost 5
R1 -> R1 link 1 cost 1
R1 -> R2 Num Links 2
R1 -> R2 link 1 cost 1
R1 -> R2 link 2 cost 2
R1 -> R3 Num Links 2
R1 -> R3 link 2 cost 2
R1 -> R3 link 7 cost 7
R1 -> R4 Num Links 0
R1 -> R5 Num Links 4
R1 -> R5 link 4 cost 4
R1 -> R5 link 7 cost 7
R1 -> R5 link 6 cost 6
R1 -> R5 link 5 cost 5
#RIB
R1 -> R1 -> Local, 0
R1 -> R2 -> R2, 1
R1 -> R3 -> R2, 3
R1 -> R5 -> R5, 5
R1 receives a LS PDU: sender 2, router_id 2, link_id 6, cost 6, via1
R1 sent LS PDU: , router_id 2, link_id 6, cost 6, via5
# Topology Database
R1 -> R1 Num Links 2
R1 -> R1 link 5 cost 5
R1 -> R1 link 1 cost 1
R1 -> R2 Num Links 3
R1 -> R2 link 1 cost 1
R1 -> R2 link 2 cost 2
R1 -> R2 link 6 cost 6
R1 -> R3 Num Links 2
R1 -> R3 link 2 cost 2
R1 -> R3 link 7 cost 7
R1 -> R4 Num Links 0
R1 -> R5 Num Links 4
R1 -> R5 link 4 cost 4
R1 -> R5 link 7 cost 7
R1 -> R5 link 6 cost 6
R1 -> R5 link 5 cost 5
#RIB
R1 -> R1 -> Local, 0
R1 -> R2 -> R2, 1
R1 -> R3 -> R2, 3
R1 -> R5 -> R5, 5
R1 receives a LS PDU: sender 5, router_id 3, link_id 3, cost 3, via5
R1 sent LS PDU: , router_id 3, link_id 3, cost 3, via1
# Topology Database
R1 -> R1 Num Links 2
R1 -> R1 link 5 cost 5
R1 -> R1 link 1 cost 1
R1 -> R2 Num Links 3
R1 -> R2 link 1 cost 1
R1 -> R2 link 2 cost 2
R1 -> R2 link 6 cost 6
R1 -> R3 Num Links 3
R1 -> R3 link 2 cost 2
R1 -> R3 link 7 cost 7
R1 -> R3 link 3 cost 3
R1 -> R4 Num Links 0
R1 -> R5 Num Links 4
R1 -> R5 link 4 cost 4
R1 -> R5 link 7 cost 7
R1 -> R5 link 6 cost 6
R1 -> R5 link 5 cost 5
#RIB
R1 -> R1 -> Local, 0
R1 -> R2 -> R2, 1
R1 -> R3 -> R2, 3
R1 -> R5 -> R5, 5
R1 receives a LS PDU: sender 5, router_id 2, link_id 1, cost 1, via5
R1 receives a LS PDU: sender 5, router_id 2, link_id 2, cost 2, via5
R1 receives a LS PDU: sender 5, router_id 2, link_id 6, cost 6, via5
R1 receives a LS PDU: sender 5, router_id 4, link_id 3, cost 3, via5
R1 sent LS PDU: , router_id 4, link_id 3, cost 3, via1
# Topology Database
R1 -> R1 Num Links 2
R1 -> R1 link 5 cost 5
R1 -> R1 link 1 cost 1
R1 -> R2 Num Links 3
R1 -> R2 link 1 cost 1
R1 -> R2 link 2 cost 2
R1 -> R2 link 6 cost 6
R1 -> R3 Num Links 3
R1 -> R3 link 2 cost 2
R1 -> R3 link 7 cost 7
R1 -> R3 link 3 cost 3
R1 -> R4 Num Links 1
R1 -> R4 link 3 cost 3
R1 -> R5 Num Links 4
R1 -> R5 link 4 cost 4
R1 -> R5 link 7 cost 7
R1 -> R5 link 6 cost 6
R1 -> R5 link 5 cost 5
#RIB
R1 -> R1 -> Local, 0
R1 -> R2 -> R2, 1
R1 -> R3 -> R2, 3
R1 -> R4 -> R2, 6
R1 -> R5 -> R5, 5
R1 receives a LS PDU: sender 2, router_id 3, link_id 2, cost 2, via1
R1 receives a LS PDU: sender 5, router_id 4, link_id 4, cost 4, via5
R1 sent LS PDU: , router_id 4, link_id 4, cost 4, via1
# Topology Database
R1 -> R1 Num Links 2
R1 -> R1 link 5 cost 5
R1 -> R1 link 1 cost 1
R1 -> R2 Num Links 3
R1 -> R2 link 1 cost 1
R1 -> R2 link 2 cost 2
R1 -> R2 link 6 cost 6
R1 -> R3 Num Links 3
R1 -> R3 link 2 cost 2
R1 -> R3 link 7 cost 7
R1 -> R3 link 3 cost 3
R1 -> R4 Num Links 2
R1 -> R4 link 3 cost 3
R1 -> R4 link 4 cost 4
R1 -> R5 Num Links 4
R1 -> R5 link 4 cost 4
R1 -> R5 link 7 cost 7
R1 -> R5 link 6 cost 6
R1 -> R5 link 5 cost 5
#RIB
R1 -> R1 -> Local, 0
R1 -> R2 -> R2, 1
R1 -> R3 -> R2, 3
R1 -> R4 -> R2, 6
R1 -> R5 -> R5, 5
R1 receives a LS PDU: sender 2, router_id 3, link_id 7, cost 7, via1
R1 receives a LS PDU: sender 2, router_id 3, link_id 3, cost 3, via1
R1 receives a LS PDU: sender 2, router_id 5, link_id 4, cost 4, via1
R1 receives a LS PDU: sender 2, router_id 5, link_id 7, cost 7, via1
R1 receives a LS PDU: sender 2, router_id 5, link_id 6, cost 6, via1
R1 receives a LS PDU: sender 2, router_id 5, link_id 5, cost 5, via1
R1 receives a LS PDU: sender 2, router_id 1, link_id 1, cost 1, via1
R1 receives a LS PDU: sender 2, router_id 4, link_id 3, cost 3, via1
R1 receives a LS PDU: sender 2, router_id 4, link_id 4, cost 4, via1
R1 receives a LS PDU: sender 2, router_id 1, link_id 5, cost 5, via1
