R2 -> HELLO packet from 1 link 1
R2 -> HELLO packet from 3 link 2
R2 receives an LS PDU: sender 1, router_id 1, link_id 1, cost 1, via1
# Topology Database
R2 -> R1 Num Links 1
R2 -> R1 link 1 cost 1
R2 -> R2 Num Links 2
R2 -> R2 link 1 cost 1
R2 -> R2 link 2 cost 2
R2 -> R3 Num Links 0
R2 -> R4 Num Links 0
R2 -> R5 Num Links 0
#RIB
R2 -> R1 -> R1, 1
R2 -> R2 -> Local, 0
R2 receives an LS PDU: sender 1, router_id 1, link_id 5, cost 5, via1
# Topology Database
R2 -> R1 Num Links 2
R2 -> R1 link 1 cost 1
R2 -> R1 link 5 cost 5
R2 -> R2 Num Links 2
R2 -> R2 link 1 cost 1
R2 -> R2 link 2 cost 2
R2 -> R3 Num Links 0
R2 -> R4 Num Links 0
R2 -> R5 Num Links 0
#RIB
R2 -> R1 -> R1, 1
R2 -> R2 -> Local, 0
R2 -> HELLO packet from 5 link 6
R2 -> HELLO packet from 1 link 1
R2 -> HELLO packet from 3 link 2
R2 -> HELLO packet from 5 link 6
R2 receives an LS PDU: sender 5, router_id 5, link_id 4, cost 4, via6
# Topology Database
R2 -> R1 Num Links 0
R2 -> R2 Num Links 3
R2 -> R2 link 1 cost 1
R2 -> R2 link 2 cost 2
R2 -> R2 link 6 cost 6
R2 -> R3 Num Links 0
R2 -> R4 Num Links 0
R2 -> R5 Num Links 1
R2 -> R5 link 4 cost 4
#RIB
R2 -> R2 -> Local, 0
R2 receives an LS PDU: sender 5, router_id 5, link_id 7, cost 7, via6
# Topology Database
R2 -> R1 Num Links 0
R2 -> R2 Num Links 3
R2 -> R2 link 1 cost 1
R2 -> R2 link 2 cost 2
R2 -> R2 link 6 cost 6
R2 -> R3 Num Links 0
R2 -> R4 Num Links 0
R2 -> R5 Num Links 2
R2 -> R5 link 4 cost 4
R2 -> R5 link 7 cost 7
#RIB
R2 -> R2 -> Local, 0
R2 receives an LS PDU: sender 5, router_id 5, link_id 6, cost 6, via6
# Topology Database
R2 -> R1 Num Links 0
R2 -> R2 Num Links 3
R2 -> R2 link 1 cost 1
R2 -> R2 link 2 cost 2
R2 -> R2 link 6 cost 6
R2 -> R3 Num Links 0
R2 -> R4 Num Links 0
R2 -> R5 Num Links 3
R2 -> R5 link 4 cost 4
R2 -> R5 link 7 cost 7
R2 -> R5 link 6 cost 6
#RIB
R2 -> R2 -> Local, 0
R2 -> R5 -> R5, 6
R2 receives an LS PDU: sender 5, router_id 5, link_id 5, cost 5, via6
# Topology Database
R2 -> R1 Num Links 0
R2 -> R2 Num Links 3
R2 -> R2 link 1 cost 1
R2 -> R2 link 2 cost 2
R2 -> R2 link 6 cost 6
R2 -> R3 Num Links 0
R2 -> R4 Num Links 0
R2 -> R5 Num Links 4
R2 -> R5 link 4 cost 4
R2 -> R5 link 7 cost 7
R2 -> R5 link 6 cost 6
R2 -> R5 link 5 cost 5
#RIB
R2 -> R2 -> Local, 0
R2 -> R5 -> R5, 6
R2 receives an LS PDU: sender 3, router_id 3, link_id 2, cost 2, via2
# Topology Database
R2 -> R1 Num Links 0
R2 -> R2 Num Links 3
R2 -> R2 link 1 cost 1
R2 -> R2 link 2 cost 2
R2 -> R2 link 6 cost 6
R2 -> R3 Num Links 1
R2 -> R3 link 2 cost 2
R2 -> R4 Num Links 0
R2 -> R5 Num Links 4
R2 -> R5 link 4 cost 4
R2 -> R5 link 7 cost 7
R2 -> R5 link 6 cost 6
R2 -> R5 link 5 cost 5
#RIB
R2 -> R2 -> Local, 0
R2 -> R3 -> R3, 2
R2 -> R5 -> R5, 6
R2 receives an LS PDU: sender 3, router_id 3, link_id 7, cost 7, via2
# Topology Database
R2 -> R1 Num Links 0
R2 -> R2 Num Links 3
R2 -> R2 link 1 cost 1
R2 -> R2 link 2 cost 2
R2 -> R2 link 6 cost 6
R2 -> R3 Num Links 2
R2 -> R3 link 2 cost 2
R2 -> R3 link 7 cost 7
R2 -> R4 Num Links 0
R2 -> R5 Num Links 4
R2 -> R5 link 4 cost 4
R2 -> R5 link 7 cost 7
R2 -> R5 link 6 cost 6
R2 -> R5 link 5 cost 5
#RIB
R2 -> R2 -> Local, 0
R2 -> R3 -> R3, 2
R2 -> R5 -> R5, 6
R2 receives an LS PDU: sender 3, router_id 3, link_id 3, cost 3, via2
# Topology Database
R2 -> R1 Num Links 0
R2 -> R2 Num Links 3
R2 -> R2 link 1 cost 1
R2 -> R2 link 2 cost 2
R2 -> R2 link 6 cost 6
R2 -> R3 Num Links 3
R2 -> R3 link 2 cost 2
R2 -> R3 link 7 cost 7
R2 -> R3 link 3 cost 3
R2 -> R4 Num Links 0
R2 -> R5 Num Links 4
R2 -> R5 link 4 cost 4
R2 -> R5 link 7 cost 7
R2 -> R5 link 6 cost 6
R2 -> R5 link 5 cost 5
#RIB
R2 -> R2 -> Local, 0
R2 -> R3 -> R3, 2
R2 -> R5 -> R5, 6
R2 receives an LS PDU: sender 3, router_id 4, link_id 3, cost 3, via2
# Topology Database
R2 -> R1 Num Links 0
R2 -> R2 Num Links 3
R2 -> R2 link 1 cost 1
R2 -> R2 link 2 cost 2
R2 -> R2 link 6 cost 6
R2 -> R3 Num Links 3
R2 -> R3 link 2 cost 2
R2 -> R3 link 7 cost 7
R2 -> R3 link 3 cost 3
R2 -> R4 Num Links 1
R2 -> R4 link 3 cost 3
R2 -> R5 Num Links 4
R2 -> R5 link 4 cost 4
R2 -> R5 link 7 cost 7
R2 -> R5 link 6 cost 6
R2 -> R5 link 5 cost 5
#RIB
R2 -> R2 -> Local, 0
R2 -> R3 -> R3, 2
R2 -> R4 -> R3, 5
R2 -> R5 -> R5, 6
R2 receives an LS PDU: sender 3, router_id 4, link_id 4, cost 4, via2
# Topology Database
R2 -> R1 Num Links 0
R2 -> R2 Num Links 3
R2 -> R2 link 1 cost 1
R2 -> R2 link 2 cost 2
R2 -> R2 link 6 cost 6
R2 -> R3 Num Links 3
R2 -> R3 link 2 cost 2
R2 -> R3 link 7 cost 7
R2 -> R3 link 3 cost 3
R2 -> R4 Num Links 2
R2 -> R4 link 3 cost 3
R2 -> R4 link 4 cost 4
R2 -> R5 Num Links 4
R2 -> R5 link 4 cost 4
R2 -> R5 link 7 cost 7
R2 -> R5 link 6 cost 6
R2 -> R5 link 5 cost 5
#RIB
R2 -> R2 -> Local, 0
R2 -> R3 -> R3, 2
R2 -> R4 -> R3, 5
R2 -> R5 -> R5, 6
R2 receives an LS PDU: sender 5, router_id 4, link_id 3, cost 3, via6
R2 receives an LS PDU: sender 3, router_id 5, link_id 7, cost 7, via2
R2 receives an LS PDU: sender 3, router_id 5, link_id 6, cost 6, via2
R2 receives an LS PDU: sender 5, router_id 4, link_id 4, cost 4, via6
R2 receives an LS PDU: sender 3, router_id 5, link_id 5, cost 5, via2
R2 receives an LS PDU: sender 5, router_id 3, link_id 2, cost 2, via6
R2 receives an LS PDU: sender 5, router_id 3, link_id 7, cost 7, via6
R2 receives an LS PDU: sender 5, router_id 3, link_id 3, cost 3, via6
R2 receives an LS PDU: sender 1, router_id 1, link_id 1, cost 1, via1
# Topology Database
R2 -> R1 Num Links 1
R2 -> R1 link 1 cost 1
R2 -> R2 Num Links 3
R2 -> R2 link 1 cost 1
R2 -> R2 link 2 cost 2
R2 -> R2 link 6 cost 6
R2 -> R3 Num Links 3
R2 -> R3 link 2 cost 2
R2 -> R3 link 7 cost 7
R2 -> R3 link 3 cost 3
R2 -> R4 Num Links 2
R2 -> R4 link 3 cost 3
R2 -> R4 link 4 cost 4
R2 -> R5 Num Links 4
R2 -> R5 link 4 cost 4
R2 -> R5 link 7 cost 7
R2 -> R5 link 6 cost 6
R2 -> R5 link 5 cost 5
#RIB
R2 -> R1 -> R1, 1
R2 -> R2 -> Local, 0
R2 -> R3 -> R3, 2
R2 -> R4 -> R3, 5
R2 -> R5 -> R5, 6
R2 receives an LS PDU: sender 1, router_id 1, link_id 5, cost 5, via1
# Topology Database
R2 -> R1 Num Links 2
R2 -> R1 link 1 cost 1
R2 -> R1 link 5 cost 5
R2 -> R2 Num Links 3
R2 -> R2 link 1 cost 1
R2 -> R2 link 2 cost 2
R2 -> R2 link 6 cost 6
R2 -> R3 Num Links 3
R2 -> R3 link 2 cost 2
R2 -> R3 link 7 cost 7
R2 -> R3 link 3 cost 3
R2 -> R4 Num Links 2
R2 -> R4 link 3 cost 3
R2 -> R4 link 4 cost 4
R2 -> R5 Num Links 4
R2 -> R5 link 4 cost 4
R2 -> R5 link 7 cost 7
R2 -> R5 link 6 cost 6
R2 -> R5 link 5 cost 5
#RIB
R2 -> R1 -> R1, 1
R2 -> R2 -> Local, 0
R2 -> R3 -> R3, 2
R2 -> R4 -> R3, 5
R2 -> R5 -> R5, 6
R2 receives an LS PDU: sender 1, router_id 5, link_id 4, cost 4, via1
R2 receives an LS PDU: sender 1, router_id 5, link_id 7, cost 7, via1
R2 receives an LS PDU: sender 1, router_id 5, link_id 6, cost 6, via1
R2 receives an LS PDU: sender 1, router_id 5, link_id 5, cost 5, via1
R2 receives an LS PDU: sender 5, router_id 1, link_id 1, cost 1, via6
R2 receives an LS PDU: sender 5, router_id 1, link_id 5, cost 5, via6
R2 receives an LS PDU: sender 1, router_id 4, link_id 3, cost 3, via1
R2 receives an LS PDU: sender 1, router_id 4, link_id 4, cost 4, via1
R2 --> INIT packet sent
R2 --> HELLO packet sent on link 1
R2 --> HELLO packet sent on link 2
R2 --> HELLO packet sent on link 6
R2 -> HELLO packet from 3 link 2
R2 sent LS PDU: , router_id 2, link_id 1, cost 1, via2
R2 sent LS PDU: , router_id 2, link_id 2, cost 2, via2
R2 sent LS PDU: , router_id 2, link_id 6, cost 6, via2
R2 -> HELLO packet from 5 link 6
R2 sent LS PDU: , router_id 2, link_id 1, cost 1, via6
R2 sent LS PDU: , router_id 2, link_id 2, cost 2, via6
R2 sent LS PDU: , router_id 2, link_id 6, cost 6, via6
R2 -> HELLO packet from 1 link 1
R2 sent LS PDU: , router_id 2, link_id 1, cost 1, via1
R2 sent LS PDU: , router_id 2, link_id 2, cost 2, via1
R2 sent LS PDU: , router_id 2, link_id 6, cost 6, via1
R2 receives a LS PDU: sender 3, router_id 3, link_id 2, cost 2, via2
R2 sent LS PDU: , router_id 3, link_id 2, cost 2, via1
R2 sent LS PDU: , router_id 3, link_id 2, cost 2, via6
# Topology Database
R2 -> R1 Num Links 0
R2 -> R2 Num Links 3
R2 -> R2 link 2 cost 2
R2 -> R2 link 6 cost 6
R2 -> R2 link 1 cost 1
R2 -> R3 Num Links 1
R2 -> R3 link 2 cost 2
R2 -> R4 Num Links 0
R2 -> R5 Num Links 0
#RIB
R2 -> R2 -> Local, 0
R2 -> R3 -> R3, 2
R2 receives a LS PDU: sender 3, router_id 3, link_id 7, cost 7, via2
R2 sent LS PDU: , router_id 3, link_id 7, cost 7, via1
R2 sent LS PDU: , router_id 3, link_id 7, cost 7, via6
# Topology Database
R2 -> R1 Num Links 0
R2 -> R2 Num Links 3
R2 -> R2 link 2 cost 2
R2 -> R2 link 6 cost 6
R2 -> R2 link 1 cost 1
R2 -> R3 Num Links 2
R2 -> R3 link 2 cost 2
R2 -> R3 link 7 cost 7
R2 -> R4 Num Links 0
R2 -> R5 Num Links 0
#RIB
R2 -> R2 -> Local, 0
R2 -> R3 -> R3, 2
R2 receives a LS PDU: sender 3, router_id 3, link_id 3, cost 3, via2
R2 sent LS PDU: , router_id 3, link_id 3, cost 3, via1
R2 sent LS PDU: , router_id 3, link_id 3, cost 3, via6
# Topology Database
R2 -> R1 Num Links 0
R2 -> R2 Num Links 3
R2 -> R2 link 2 cost 2
R2 -> R2 link 6 cost 6
R2 -> R2 link 1 cost 1
R2 -> R3 Num Links 3
R2 -> R3 link 2 cost 2
R2 -> R3 link 7 cost 7
R2 -> R3 link 3 cost 3
R2 -> R4 Num Links 0
R2 -> R5 Num Links 0
#RIB
R2 -> R2 -> Local, 0
R2 -> R3 -> R3, 2
R2 receives a LS PDU: sender 5, router_id 5, link_id 4, cost 4, via6
R2 sent LS PDU: , router_id 5, link_id 4, cost 4, via1
R2 sent LS PDU: , router_id 5, link_id 4, cost 4, via2
# Topology Database
R2 -> R1 Num Links 0
R2 -> R2 Num Links 3
R2 -> R2 link 2 cost 2
R2 -> R2 link 6 cost 6
R2 -> R2 link 1 cost 1
R2 -> R3 Num Links 3
R2 -> R3 link 2 cost 2
R2 -> R3 link 7 cost 7
R2 -> R3 link 3 cost 3
R2 -> R4 Num Links 0
R2 -> R5 Num Links 1
R2 -> R5 link 4 cost 4
#RIB
R2 -> R2 -> Local, 0
R2 -> R3 -> R3, 2
R2 receives a LS PDU: sender 5, router_id 5, link_id 7, cost 7, via6
R2 sent LS PDU: , router_id 5, link_id 7, cost 7, via1
R2 sent LS PDU: , router_id 5, link_id 7, cost 7, via2
# Topology Database
R2 -> R1 Num Links 0
R2 -> R2 Num Links 3
R2 -> R2 link 2 cost 2
R2 -> R2 link 6 cost 6
R2 -> R2 link 1 cost 1
R2 -> R3 Num Links 3
R2 -> R3 link 2 cost 2
R2 -> R3 link 7 cost 7
R2 -> R3 link 3 cost 3
R2 -> R4 Num Links 0
R2 -> R5 Num Links 2
R2 -> R5 link 4 cost 4
R2 -> R5 link 7 cost 7
#RIB
R2 -> R2 -> Local, 0
R2 -> R3 -> R3, 2
R2 -> R5 -> R3, 9
R2 receives a LS PDU: sender 5, router_id 5, link_id 6, cost 6, via6
R2 sent LS PDU: , router_id 5, link_id 6, cost 6, via1
R2 sent LS PDU: , router_id 5, link_id 6, cost 6, via2
# Topology Database
R2 -> R1 Num Links 0
R2 -> R2 Num Links 3
R2 -> R2 link 2 cost 2
R2 -> R2 link 6 cost 6
R2 -> R2 link 1 cost 1
R2 -> R3 Num Links 3
R2 -> R3 link 2 cost 2
R2 -> R3 link 7 cost 7
R2 -> R3 link 3 cost 3
R2 -> R4 Num Links 0
R2 -> R5 Num Links 3
R2 -> R5 link 4 cost 4
R2 -> R5 link 7 cost 7
R2 -> R5 link 6 cost 6
#RIB
R2 -> R2 -> Local, 0
R2 -> R3 -> R3, 2
R2 -> R5 -> R5, 6
R2 receives a LS PDU: sender 5, router_id 5, link_id 5, cost 5, via6
R2 sent LS PDU: , router_id 5, link_id 5, cost 5, via1
R2 sent LS PDU: , router_id 5, link_id 5, cost 5, via2
# Topology Database
R2 -> R1 Num Links 0
R2 -> R2 Num Links 3
R2 -> R2 link 2 cost 2
R2 -> R2 link 6 cost 6
R2 -> R2 link 1 cost 1
R2 -> R3 Num Links 3
R2 -> R3 link 2 cost 2
R2 -> R3 link 7 cost 7
R2 -> R3 link 3 cost 3
R2 -> R4 Num Links 0
R2 -> R5 Num Links 4
R2 -> R5 link 4 cost 4
R2 -> R5 link 7 cost 7
R2 -> R5 link 6 cost 6
R2 -> R5 link 5 cost 5
#RIB
R2 -> R2 -> Local, 0
R2 -> R3 -> R3, 2
R2 -> R5 -> R5, 6
R2 receives a LS PDU: sender 3, router_id 1, link_id 1, cost 1, via2
R2 sent LS PDU: , router_id 1, link_id 1, cost 1, via1
R2 sent LS PDU: , router_id 1, link_id 1, cost 1, via6
# Topology Database
R2 -> R1 Num Links 1
R2 -> R1 link 1 cost 1
R2 -> R2 Num Links 3
R2 -> R2 link 2 cost 2
R2 -> R2 link 6 cost 6
R2 -> R2 link 1 cost 1
R2 -> R3 Num Links 3
R2 -> R3 link 2 cost 2
R2 -> R3 link 7 cost 7
R2 -> R3 link 3 cost 3
R2 -> R4 Num Links 0
R2 -> R5 Num Links 4
R2 -> R5 link 4 cost 4
R2 -> R5 link 7 cost 7
R2 -> R5 link 6 cost 6
R2 -> R5 link 5 cost 5
#RIB
R2 -> R1 -> R1, 1
R2 -> R2 -> Local, 0
R2 -> R3 -> R3, 2
R2 -> R5 -> R5, 6
R2 receives a LS PDU: sender 3, router_id 4, link_id 3, cost 3, via2
R2 sent LS PDU: , router_id 4, link_id 3, cost 3, via1
R2 sent LS PDU: , router_id 4, link_id 3, cost 3, via6
# Topology Database
R2 -> R1 Num Links 1
R2 -> R1 link 1 cost 1
R2 -> R2 Num Links 3
R2 -> R2 link 2 cost 2
R2 -> R2 link 6 cost 6
R2 -> R2 link 1 cost 1
R2 -> R3 Num Links 3
R2 -> R3 link 2 cost 2
R2 -> R3 link 7 cost 7
R2 -> R3 link 3 cost 3
R2 -> R4 Num Links 1
R2 -> R4 link 3 cost 3
R2 -> R5 Num Links 4
R2 -> R5 link 4 cost 4
R2 -> R5 link 7 cost 7
R2 -> R5 link 6 cost 6
R2 -> R5 link 5 cost 5
#RIB
R2 -> R1 -> R1, 1
R2 -> R2 -> Local, 0
R2 -> R3 -> R3, 2
R2 -> R4 -> R3, 5
R2 -> R5 -> R5, 6
R2 receives a LS PDU: sender 3, router_id 4, link_id 4, cost 4, via2
R2 sent LS PDU: , router_id 4, link_id 4, cost 4, via1
R2 sent LS PDU: , router_id 4, link_id 4, cost 4, via6
# Topology Database
R2 -> R1 Num Links 1
R2 -> R1 link 1 cost 1
R2 -> R2 Num Links 3
R2 -> R2 link 2 cost 2
R2 -> R2 link 6 cost 6
R2 -> R2 link 1 cost 1
R2 -> R3 Num Links 3
R2 -> R3 link 2 cost 2
R2 -> R3 link 7 cost 7
R2 -> R3 link 3 cost 3
R2 -> R4 Num Links 2
R2 -> R4 link 3 cost 3
R2 -> R4 link 4 cost 4
R2 -> R5 Num Links 4
R2 -> R5 link 4 cost 4
R2 -> R5 link 7 cost 7
R2 -> R5 link 6 cost 6
R2 -> R5 link 5 cost 5
#RIB
R2 -> R1 -> R1, 1
R2 -> R2 -> Local, 0
R2 -> R3 -> R3, 2
R2 -> R4 -> R3, 5
R2 -> R5 -> R5, 6
R2 receives a LS PDU: sender 3, router_id 1, link_id 5, cost 5, via2
R2 sent LS PDU: , router_id 1, link_id 5, cost 5, via1
R2 sent LS PDU: , router_id 1, link_id 5, cost 5, via6
# Topology Database
R2 -> R1 Num Links 2
R2 -> R1 link 1 cost 1
R2 -> R1 link 5 cost 5
R2 -> R2 Num Links 3
R2 -> R2 link 2 cost 2
R2 -> R2 link 6 cost 6
R2 -> R2 link 1 cost 1
R2 -> R3 Num Links 3
R2 -> R3 link 2 cost 2
R2 -> R3 link 7 cost 7
R2 -> R3 link 3 cost 3
R2 -> R4 Num Links 2
R2 -> R4 link 3 cost 3
R2 -> R4 link 4 cost 4
R2 -> R5 Num Links 4
R2 -> R5 link 4 cost 4
R2 -> R5 link 7 cost 7
R2 -> R5 link 6 cost 6
R2 -> R5 link 5 cost 5
#RIB
R2 -> R1 -> R1, 1
R2 -> R2 -> Local, 0
R2 -> R3 -> R3, 2
R2 -> R4 -> R3, 5
R2 -> R5 -> R5, 6
R2 receives a LS PDU: sender 5, router_id 4, link_id 3, cost 3, via6
R2 receives a LS PDU: sender 5, router_id 4, link_id 4, cost 4, via6
R2 receives a LS PDU: sender 1, router_id 1, link_id 1, cost 1, via1
R2 receives a LS PDU: sender 1, router_id 1, link_id 5, cost 5, via1
R2 receives a LS PDU: sender 1, router_id 5, link_id 4, cost 4, via1
R2 receives a LS PDU: sender 1, router_id 5, link_id 7, cost 7, via1
R2 receives a LS PDU: sender 1, router_id 5, link_id 6, cost 6, via1
R2 receives a LS PDU: sender 1, router_id 5, link_id 5, cost 5, via1
R2 receives a LS PDU: sender 1, router_id 3, link_id 2, cost 2, via1
R2 receives a LS PDU: sender 1, router_id 3, link_id 7, cost 7, via1
R2 receives a LS PDU: sender 1, router_id 3, link_id 3, cost 3, via1
R2 receives a LS PDU: sender 1, router_id 4, link_id 3, cost 3, via1
R2 receives a LS PDU: sender 1, router_id 4, link_id 4, cost 4, via1
