R4 -> HELLO packet from 3 link 3
R4 -> HELLO packet from 5 link 4
R4 -> HELLO packet from 3 link 3
R4 -> HELLO packet from 5 link 4
R4 receives an LS PDU: sender 3, router_id 3, link_id 2, cost 2, via3
# Topology Database
R4 -> R1 Num Links 0
R4 -> R2 Num Links 0
R4 -> R3 Num Links 1
R4 -> R3 link 2 cost 2
R4 -> R4 Num Links 2
R4 -> R4 link 3 cost 3
R4 -> R4 link 4 cost 4
R4 -> R5 Num Links 0
#RIB
R4 -> R4 -> Local, 0
R4 receives an LS PDU: sender 3, router_id 3, link_id 7, cost 7, via3
# Topology Database
R4 -> R1 Num Links 0
R4 -> R2 Num Links 0
R4 -> R3 Num Links 2
R4 -> R3 link 2 cost 2
R4 -> R3 link 7 cost 7
R4 -> R4 Num Links 2
R4 -> R4 link 3 cost 3
R4 -> R4 link 4 cost 4
R4 -> R5 Num Links 0
#RIB
R4 -> R4 -> Local, 0
R4 receives an LS PDU: sender 3, router_id 3, link_id 3, cost 3, via3
# Topology Database
R4 -> R1 Num Links 0
R4 -> R2 Num Links 0
R4 -> R3 Num Links 3
R4 -> R3 link 2 cost 2
R4 -> R3 link 7 cost 7
R4 -> R3 link 3 cost 3
R4 -> R4 Num Links 2
R4 -> R4 link 3 cost 3
R4 -> R4 link 4 cost 4
R4 -> R5 Num Links 0
#RIB
R4 -> R3 -> R3, 3
R4 -> R4 -> Local, 0
R4 receives an LS PDU: sender 5, router_id 5, link_id 4, cost 4, via4
# Topology Database
R4 -> R1 Num Links 0
R4 -> R2 Num Links 0
R4 -> R3 Num Links 3
R4 -> R3 link 2 cost 2
R4 -> R3 link 7 cost 7
R4 -> R3 link 3 cost 3
R4 -> R4 Num Links 2
R4 -> R4 link 3 cost 3
R4 -> R4 link 4 cost 4
R4 -> R5 Num Links 1
R4 -> R5 link 4 cost 4
#RIB
R4 -> R3 -> R3, 3
R4 -> R4 -> Local, 0
R4 -> R5 -> R5, 4
R4 receives an LS PDU: sender 5, router_id 5, link_id 7, cost 7, via4
# Topology Database
R4 -> R1 Num Links 0
R4 -> R2 Num Links 0
R4 -> R3 Num Links 3
R4 -> R3 link 2 cost 2
R4 -> R3 link 7 cost 7
R4 -> R3 link 3 cost 3
R4 -> R4 Num Links 2
R4 -> R4 link 3 cost 3
R4 -> R4 link 4 cost 4
R4 -> R5 Num Links 2
R4 -> R5 link 4 cost 4
R4 -> R5 link 7 cost 7
#RIB
R4 -> R3 -> R3, 3
R4 -> R4 -> Local, 0
R4 -> R5 -> R5, 4
R4 receives an LS PDU: sender 5, router_id 5, link_id 6, cost 6, via4
# Topology Database
R4 -> R1 Num Links 0
R4 -> R2 Num Links 0
R4 -> R3 Num Links 3
R4 -> R3 link 2 cost 2
R4 -> R3 link 7 cost 7
R4 -> R3 link 3 cost 3
R4 -> R4 Num Links 2
R4 -> R4 link 3 cost 3
R4 -> R4 link 4 cost 4
R4 -> R5 Num Links 3
R4 -> R5 link 4 cost 4
R4 -> R5 link 7 cost 7
R4 -> R5 link 6 cost 6
#RIB
R4 -> R3 -> R3, 3
R4 -> R4 -> Local, 0
R4 -> R5 -> R5, 4
R4 receives an LS PDU: sender 3, router_id 2, link_id 1, cost 1, via3
# Topology Database
R4 -> R1 Num Links 0
R4 -> R2 Num Links 1
R4 -> R2 link 1 cost 1
R4 -> R3 Num Links 3
R4 -> R3 link 2 cost 2
R4 -> R3 link 7 cost 7
R4 -> R3 link 3 cost 3
R4 -> R4 Num Links 2
R4 -> R4 link 3 cost 3
R4 -> R4 link 4 cost 4
R4 -> R5 Num Links 3
R4 -> R5 link 4 cost 4
R4 -> R5 link 7 cost 7
R4 -> R5 link 6 cost 6
#RIB
R4 -> R3 -> R3, 3
R4 -> R4 -> Local, 0
R4 -> R5 -> R5, 4
R4 receives an LS PDU: sender 5, router_id 5, link_id 5, cost 5, via4
# Topology Database
R4 -> R1 Num Links 0
R4 -> R2 Num Links 1
R4 -> R2 link 1 cost 1
R4 -> R3 Num Links 3
R4 -> R3 link 2 cost 2
R4 -> R3 link 7 cost 7
R4 -> R3 link 3 cost 3
R4 -> R4 Num Links 2
R4 -> R4 link 3 cost 3
R4 -> R4 link 4 cost 4
R4 -> R5 Num Links 4
R4 -> R5 link 4 cost 4
R4 -> R5 link 7 cost 7
R4 -> R5 link 6 cost 6
R4 -> R5 link 5 cost 5
#RIB
R4 -> R3 -> R3, 3
R4 -> R4 -> Local, 0
R4 -> R5 -> R5, 4
R4 receives an LS PDU: sender 5, router_id 2, link_id 1, cost 1, via4
R4 receives an LS PDU: sender 3, router_id 2, link_id 2, cost 2, via3
# Topology Database
R4 -> R1 Num Links 0
R4 -> R2 Num Links 2
R4 -> R2 link 1 cost 1
R4 -> R2 link 2 cost 2
R4 -> R3 Num Links 3
R4 -> R3 link 2 cost 2
R4 -> R3 link 7 cost 7
R4 -> R3 link 3 cost 3
R4 -> R4 Num Links 2
R4 -> R4 link 3 cost 3
R4 -> R4 link 4 cost 4
R4 -> R5 Num Links 4
R4 -> R5 link 4 cost 4
R4 -> R5 link 7 cost 7
R4 -> R5 link 6 cost 6
R4 -> R5 link 5 cost 5
#RIB
R4 -> R2 -> R3, 5
R4 -> R3 -> R3, 3
R4 -> R4 -> Local, 0
R4 -> R5 -> R5, 4
R4 receives an LS PDU: sender 3, router_id 2, link_id 6, cost 6, via3
# Topology Database
R4 -> R1 Num Links 0
R4 -> R2 Num Links 3
R4 -> R2 link 1 cost 1
R4 -> R2 link 2 cost 2
R4 -> R2 link 6 cost 6
R4 -> R3 Num Links 3
R4 -> R3 link 2 cost 2
R4 -> R3 link 7 cost 7
R4 -> R3 link 3 cost 3
R4 -> R4 Num Links 2
R4 -> R4 link 3 cost 3
R4 -> R4 link 4 cost 4
R4 -> R5 Num Links 4
R4 -> R5 link 4 cost 4
R4 -> R5 link 7 cost 7
R4 -> R5 link 6 cost 6
R4 -> R5 link 5 cost 5
#RIB
R4 -> R2 -> R3, 5
R4 -> R3 -> R3, 3
R4 -> R4 -> Local, 0
R4 -> R5 -> R5, 4
R4 receives an LS PDU: sender 5, router_id 2, link_id 2, cost 2, via4
R4 receives an LS PDU: sender 5, router_id 2, link_id 6, cost 6, via4
R4 receives an LS PDU: sender 3, router_id 5, link_id 4, cost 4, via3
R4 receives an LS PDU: sender 3, router_id 5, link_id 7, cost 7, via3
R4 receives an LS PDU: sender 3, router_id 5, link_id 6, cost 6, via3
R4 receives an LS PDU: sender 3, router_id 5, link_id 5, cost 5, via3
R4 receives an LS PDU: sender 5, router_id 3, link_id 2, cost 2, via4
R4 receives an LS PDU: sender 5, router_id 3, link_id 7, cost 7, via4
R4 receives an LS PDU: sender 5, router_id 3, link_id 3, cost 3, via4
R4 receives an LS PDU: sender 5, router_id 1, link_id 1, cost 1, via4
# Topology Database
R4 -> R1 Num Links 1
R4 -> R1 link 1 cost 1
R4 -> R2 Num Links 3
R4 -> R2 link 1 cost 1
R4 -> R2 link 2 cost 2
R4 -> R2 link 6 cost 6
R4 -> R3 Num Links 3
R4 -> R3 link 2 cost 2
R4 -> R3 link 7 cost 7
R4 -> R3 link 3 cost 3
R4 -> R4 Num Links 2
R4 -> R4 link 3 cost 3
R4 -> R4 link 4 cost 4
R4 -> R5 Num Links 4
R4 -> R5 link 4 cost 4
R4 -> R5 link 7 cost 7
R4 -> R5 link 6 cost 6
R4 -> R5 link 5 cost 5
#RIB
R4 -> R1 -> R3, 6
R4 -> R2 -> R3, 5
R4 -> R3 -> R3, 3
R4 -> R4 -> Local, 0
R4 -> R5 -> R5, 4
R4 receives an LS PDU: sender 5, router_id 1, link_id 5, cost 5, via4
# Topology Database
R4 -> R1 Num Links 2
R4 -> R1 link 1 cost 1
R4 -> R1 link 5 cost 5
R4 -> R2 Num Links 3
R4 -> R2 link 1 cost 1
R4 -> R2 link 2 cost 2
R4 -> R2 link 6 cost 6
R4 -> R3 Num Links 3
R4 -> R3 link 2 cost 2
R4 -> R3 link 7 cost 7
R4 -> R3 link 3 cost 3
R4 -> R4 Num Links 2
R4 -> R4 link 3 cost 3
R4 -> R4 link 4 cost 4
R4 -> R5 Num Links 4
R4 -> R5 link 4 cost 4
R4 -> R5 link 7 cost 7
R4 -> R5 link 6 cost 6
R4 -> R5 link 5 cost 5
#RIB
R4 -> R1 -> R3, 6
R4 -> R2 -> R3, 5
R4 -> R3 -> R3, 3
R4 -> R4 -> Local, 0
R4 -> R5 -> R5, 4
R4 receives an LS PDU: sender 3, router_id 1, link_id 1, cost 1, via3
R4 receives an LS PDU: sender 3, router_id 1, link_id 5, cost 5, via3
R4 --> INIT packet sent
R4 --> HELLO packet sent on link 3
R4 --> HELLO packet sent on link 4
R4 -> HELLO packet from 5 link 4
R4 sent LS PDU: , router_id 4, link_id 3, cost 3, via4
R4 sent LS PDU: , router_id 4, link_id 4, cost 4, via4
R4 -> HELLO packet from 3 link 3
R4 sent LS PDU: , router_id 4, link_id 3, cost 3, via3
R4 sent LS PDU: , router_id 4, link_id 4, cost 4, via3
R4 receives a LS PDU: sender 3, router_id 3, link_id 2, cost 2, via3
R4 sent LS PDU: , router_id 3, link_id 2, cost 2, via4
# Topology Database
R4 -> R1 Num Links 0
R4 -> R2 Num Links 0
R4 -> R3 Num Links 1
R4 -> R3 link 2 cost 2
R4 -> R4 Num Links 2
R4 -> R4 link 4 cost 4
R4 -> R4 link 3 cost 3
R4 -> R5 Num Links 0
#RIB
R4 -> R4 -> Local, 0
R4 receives a LS PDU: sender 3, router_id 3, link_id 7, cost 7, via3
R4 sent LS PDU: , router_id 3, link_id 7, cost 7, via4
# Topology Database
R4 -> R1 Num Links 0
R4 -> R2 Num Links 0
R4 -> R3 Num Links 2
R4 -> R3 link 2 cost 2
R4 -> R3 link 7 cost 7
R4 -> R4 Num Links 2
R4 -> R4 link 4 cost 4
R4 -> R4 link 3 cost 3
R4 -> R5 Num Links 0
#RIB
R4 -> R4 -> Local, 0
R4 receives a LS PDU: sender 3, router_id 3, link_id 3, cost 3, via3
R4 sent LS PDU: , router_id 3, link_id 3, cost 3, via4
# Topology Database
R4 -> R1 Num Links 0
R4 -> R2 Num Links 0
R4 -> R3 Num Links 3
R4 -> R3 link 2 cost 2
R4 -> R3 link 7 cost 7
R4 -> R3 link 3 cost 3
R4 -> R4 Num Links 2
R4 -> R4 link 4 cost 4
R4 -> R4 link 3 cost 3
R4 -> R5 Num Links 0
#RIB
R4 -> R3 -> R3, 3
R4 -> R4 -> Local, 0
R4 receives a LS PDU: sender 5, router_id 5, link_id 4, cost 4, via4
R4 sent LS PDU: , router_id 5, link_id 4, cost 4, via3
# Topology Database
R4 -> R1 Num Links 0
R4 -> R2 Num Links 0
R4 -> R3 Num Links 3
R4 -> R3 link 2 cost 2
R4 -> R3 link 7 cost 7
R4 -> R3 link 3 cost 3
R4 -> R4 Num Links 2
R4 -> R4 link 4 cost 4
R4 -> R4 link 3 cost 3
R4 -> R5 Num Links 1
R4 -> R5 link 4 cost 4
#RIB
R4 -> R3 -> R3, 3
R4 -> R4 -> Local, 0
R4 -> R5 -> R5, 4
R4 receives a LS PDU: sender 5, router_id 5, link_id 7, cost 7, via4
R4 sent LS PDU: , router_id 5, link_id 7, cost 7, via3
# Topology Database
R4 -> R1 Num Links 0
R4 -> R2 Num Links 0
R4 -> R3 Num Links 3
R4 -> R3 link 2 cost 2
R4 -> R3 link 7 cost 7
R4 -> R3 link 3 cost 3
R4 -> R4 Num Links 2
R4 -> R4 link 4 cost 4
R4 -> R4 link 3 cost 3
R4 -> R5 Num Links 2
R4 -> R5 link 4 cost 4
R4 -> R5 link 7 cost 7
#RIB
R4 -> R3 -> R3, 3
R4 -> R4 -> Local, 0
R4 -> R5 -> R5, 4
R4 receives a LS PDU: sender 3, router_id 5, link_id 4, cost 4, via3
R4 receives a LS PDU: sender 5, router_id 5, link_id 6, cost 6, via4
R4 sent LS PDU: , router_id 5, link_id 6, cost 6, via3
# Topology Database
R4 -> R1 Num Links 0
R4 -> R2 Num Links 0
R4 -> R3 Num Links 3
R4 -> R3 link 2 cost 2
R4 -> R3 link 7 cost 7
R4 -> R3 link 3 cost 3
R4 -> R4 Num Links 2
R4 -> R4 link 4 cost 4
R4 -> R4 link 3 cost 3
R4 -> R5 Num Links 3
R4 -> R5 link 4 cost 4
R4 -> R5 link 7 cost 7
R4 -> R5 link 6 cost 6
#RIB
R4 -> R3 -> R3, 3
R4 -> R4 -> Local, 0
R4 -> R5 -> R5, 4
R4 receives a LS PDU: sender 5, router_id 5, link_id 5, cost 5, via4
R4 sent LS PDU: , router_id 5, link_id 5, cost 5, via3
# Topology Database
R4 -> R1 Num Links 0
R4 -> R2 Num Links 0
R4 -> R3 Num Links 3
R4 -> R3 link 2 cost 2
R4 -> R3 link 7 cost 7
R4 -> R3 link 3 cost 3
R4 -> R4 Num Links 2
R4 -> R4 link 4 cost 4
R4 -> R4 link 3 cost 3
R4 -> R5 Num Links 4
R4 -> R5 link 4 cost 4
R4 -> R5 link 7 cost 7
R4 -> R5 link 6 cost 6
R4 -> R5 link 5 cost 5
#RIB
R4 -> R3 -> R3, 3
R4 -> R4 -> Local, 0
R4 -> R5 -> R5, 4
R4 receives a LS PDU: sender 3, router_id 5, link_id 7, cost 7, via3
R4 receives a LS PDU: sender 5, router_id 3, link_id 2, cost 2, via4
R4 receives a LS PDU: sender 3, router_id 5, link_id 6, cost 6, via3
R4 receives a LS PDU: sender 3, router_id 5, link_id 5, cost 5, via3
R4 receives a LS PDU: sender 5, router_id 3, link_id 7, cost 7, via4
R4 receives a LS PDU: sender 5, router_id 3, link_id 3, cost 3, via4
R4 receives a LS PDU: sender 3, router_id 2, link_id 1, cost 1, via3
R4 sent LS PDU: , router_id 2, link_id 1, cost 1, via4
# Topology Database
R4 -> R1 Num Links 0
R4 -> R2 Num Links 1
R4 -> R2 link 1 cost 1
R4 -> R3 Num Links 3
R4 -> R3 link 2 cost 2
R4 -> R3 link 7 cost 7
R4 -> R3 link 3 cost 3
R4 -> R4 Num Links 2
R4 -> R4 link 4 cost 4
R4 -> R4 link 3 cost 3
R4 -> R5 Num Links 4
R4 -> R5 link 4 cost 4
R4 -> R5 link 7 cost 7
R4 -> R5 link 6 cost 6
R4 -> R5 link 5 cost 5
#RIB
R4 -> R3 -> R3, 3
R4 -> R4 -> Local, 0
R4 -> R5 -> R5, 4
R4 receives a LS PDU: sender 5, router_id 1, link_id 1, cost 1, via4
R4 sent LS PDU: , router_id 1, link_id 1, cost 1, via3
# Topology Database
R4 -> R1 Num Links 1
R4 -> R1 link 1 cost 1
R4 -> R2 Num Links 1
R4 -> R2 link 1 cost 1
R4 -> R3 Num Links 3
R4 -> R3 link 2 cost 2
R4 -> R3 link 7 cost 7
R4 -> R3 link 3 cost 3
R4 -> R4 Num Links 2
R4 -> R4 link 4 cost 4
R4 -> R4 link 3 cost 3
R4 -> R5 Num Links 4
R4 -> R5 link 4 cost 4
R4 -> R5 link 7 cost 7
R4 -> R5 link 6 cost 6
R4 -> R5 link 5 cost 5
#RIB
R4 -> R3 -> R3, 3
R4 -> R4 -> Local, 0
R4 -> R5 -> R5, 4
R4 receives a LS PDU: sender 3, router_id 2, link_id 2, cost 2, via3
R4 sent LS PDU: , router_id 2, link_id 2, cost 2, via4
# Topology Database
R4 -> R1 Num Links 1
R4 -> R1 link 1 cost 1
R4 -> R2 Num Links 2
R4 -> R2 link 1 cost 1
R4 -> R2 link 2 cost 2
R4 -> R3 Num Links 3
R4 -> R3 link 2 cost 2
R4 -> R3 link 7 cost 7
R4 -> R3 link 3 cost 3
R4 -> R4 Num Links 2
R4 -> R4 link 4 cost 4
R4 -> R4 link 3 cost 3
R4 -> R5 Num Links 4
R4 -> R5 link 4 cost 4
R4 -> R5 link 7 cost 7
R4 -> R5 link 6 cost 6
R4 -> R5 link 5 cost 5
#RIB
R4 -> R1 -> R3, 6
R4 -> R2 -> R3, 5
R4 -> R3 -> R3, 3
R4 -> R4 -> Local, 0
R4 -> R5 -> R5, 4
R4 receives a LS PDU: sender 5, router_id 1, link_id 5, cost 5, via4
R4 sent LS PDU: , router_id 1, link_id 5, cost 5, via3
# Topology Database
R4 -> R1 Num Links 2
R4 -> R1 link 1 cost 1
R4 -> R1 link 5 cost 5
R4 -> R2 Num Links 2
R4 -> R2 link 1 cost 1
R4 -> R2 link 2 cost 2
R4 -> R3 Num Links 3
R4 -> R3 link 2 cost 2
R4 -> R3 link 7 cost 7
R4 -> R3 link 3 cost 3
R4 -> R4 Num Links 2
R4 -> R4 link 4 cost 4
R4 -> R4 link 3 cost 3
R4 -> R5 Num Links 4
R4 -> R5 link 4 cost 4
R4 -> R5 link 7 cost 7
R4 -> R5 link 6 cost 6
R4 -> R5 link 5 cost 5
#RIB
R4 -> R1 -> R3, 6
R4 -> R2 -> R3, 5
R4 -> R3 -> R3, 3
R4 -> R4 -> Local, 0
R4 -> R5 -> R5, 4
R4 receives a LS PDU: sender 3, router_id 2, link_id 6, cost 6, via3
R4 sent LS PDU: , router_id 2, link_id 6, cost 6, via4
# Topology Database
R4 -> R1 Num Links 2
R4 -> R1 link 1 cost 1
R4 -> R1 link 5 cost 5
R4 -> R2 Num Links 3
R4 -> R2 link 1 cost 1
R4 -> R2 link 2 cost 2
R4 -> R2 link 6 cost 6
R4 -> R3 Num Links 3
R4 -> R3 link 2 cost 2
R4 -> R3 link 7 cost 7
R4 -> R3 link 3 cost 3
R4 -> R4 Num Links 2
R4 -> R4 link 4 cost 4
R4 -> R4 link 3 cost 3
R4 -> R5 Num Links 4
R4 -> R5 link 4 cost 4
R4 -> R5 link 7 cost 7
R4 -> R5 link 6 cost 6
R4 -> R5 link 5 cost 5
#RIB
R4 -> R1 -> R3, 6
R4 -> R2 -> R3, 5
R4 -> R3 -> R3, 3
R4 -> R4 -> Local, 0
R4 -> R5 -> R5, 4
R4 receives a LS PDU: sender 3, router_id 1, link_id 1, cost 1, via3
R4 receives a LS PDU: sender 5, router_id 2, link_id 1, cost 1, via4
R4 receives a LS PDU: sender 5, router_id 2, link_id 2, cost 2, via4
R4 receives a LS PDU: sender 5, router_id 2, link_id 6, cost 6, via4
R4 receives a LS PDU: sender 3, router_id 1, link_id 5, cost 5, via3
